execve("./bin/managed0", ["./bin/managed0"], 0x7fffc0a823f0 /* 55 vars */) = 0
brk(NULL)                               = 0x55b95ccb2000
arch_prctl(0x3001 /* ARCH_??? */, 0x7ffd9669d660) = -1 EINVAL (Invalid argument)
mmap(NULL, 8192, PROT_READ|PROT_WRITE, MAP_PRIVATE|MAP_ANONYMOUS, -1, 0) = 0x7f40c53c7000
access("/etc/ld.so.preload", R_OK)      = -1 ENOENT (No such file or directory)
openat(AT_FDCWD, "/usr/local/cuda-11.8/lib64/tls/haswell/avx512_1/x86_64/librt.so.1", O_RDONLY|O_CLOEXEC) = -1 ENOENT (No such file or directory)
stat("/usr/local/cuda-11.8/lib64/tls/haswell/avx512_1/x86_64", 0x7ffd9669c8b0) = -1 ENOENT (No such file or directory)
openat(AT_FDCWD, "/usr/local/cuda-11.8/lib64/tls/haswell/avx512_1/librt.so.1", O_RDONLY|O_CLOEXEC) = -1 ENOENT (No such file or directory)
stat("/usr/local/cuda-11.8/lib64/tls/haswell/avx512_1", 0x7ffd9669c8b0) = -1 ENOENT (No such file or directory)
openat(AT_FDCWD, "/usr/local/cuda-11.8/lib64/tls/haswell/x86_64/librt.so.1", O_RDONLY|O_CLOEXEC) = -1 ENOENT (No such file or directory)
stat("/usr/local/cuda-11.8/lib64/tls/haswell/x86_64", 0x7ffd9669c8b0) = -1 ENOENT (No such file or directory)
openat(AT_FDCWD, "/usr/local/cuda-11.8/lib64/tls/haswell/librt.so.1", O_RDONLY|O_CLOEXEC) = -1 ENOENT (No such file or directory)
stat("/usr/local/cuda-11.8/lib64/tls/haswell", 0x7ffd9669c8b0) = -1 ENOENT (No such file or directory)
openat(AT_FDCWD, "/usr/local/cuda-11.8/lib64/tls/avx512_1/x86_64/librt.so.1", O_RDONLY|O_CLOEXEC) = -1 ENOENT (No such file or directory)
stat("/usr/local/cuda-11.8/lib64/tls/avx512_1/x86_64", 0x7ffd9669c8b0) = -1 ENOENT (No such file or directory)
openat(AT_FDCWD, "/usr/local/cuda-11.8/lib64/tls/avx512_1/librt.so.1", O_RDONLY|O_CLOEXEC) = -1 ENOENT (No such file or directory)
stat("/usr/local/cuda-11.8/lib64/tls/avx512_1", 0x7ffd9669c8b0) = -1 ENOENT (No such file or directory)
openat(AT_FDCWD, "/usr/local/cuda-11.8/lib64/tls/x86_64/librt.so.1", O_RDONLY|O_CLOEXEC) = -1 ENOENT (No such file or directory)
stat("/usr/local/cuda-11.8/lib64/tls/x86_64", 0x7ffd9669c8b0) = -1 ENOENT (No such file or directory)
openat(AT_FDCWD, "/usr/local/cuda-11.8/lib64/tls/librt.so.1", O_RDONLY|O_CLOEXEC) = -1 ENOENT (No such file or directory)
stat("/usr/local/cuda-11.8/lib64/tls", 0x7ffd9669c8b0) = -1 ENOENT (No such file or directory)
openat(AT_FDCWD, "/usr/local/cuda-11.8/lib64/haswell/avx512_1/x86_64/librt.so.1", O_RDONLY|O_CLOEXEC) = -1 ENOENT (No such file or directory)
stat("/usr/local/cuda-11.8/lib64/haswell/avx512_1/x86_64", 0x7ffd9669c8b0) = -1 ENOENT (No such file or directory)
openat(AT_FDCWD, "/usr/local/cuda-11.8/lib64/haswell/avx512_1/librt.so.1", O_RDONLY|O_CLOEXEC) = -1 ENOENT (No such file or directory)
stat("/usr/local/cuda-11.8/lib64/haswell/avx512_1", 0x7ffd9669c8b0) = -1 ENOENT (No such file or directory)
openat(AT_FDCWD, "/usr/local/cuda-11.8/lib64/haswell/x86_64/librt.so.1", O_RDONLY|O_CLOEXEC) = -1 ENOENT (No such file or directory)
stat("/usr/local/cuda-11.8/lib64/haswell/x86_64", 0x7ffd9669c8b0) = -1 ENOENT (No such file or directory)
openat(AT_FDCWD, "/usr/local/cuda-11.8/lib64/haswell/librt.so.1", O_RDONLY|O_CLOEXEC) = -1 ENOENT (No such file or directory)
stat("/usr/local/cuda-11.8/lib64/haswell", 0x7ffd9669c8b0) = -1 ENOENT (No such file or directory)
openat(AT_FDCWD, "/usr/local/cuda-11.8/lib64/avx512_1/x86_64/librt.so.1", O_RDONLY|O_CLOEXEC) = -1 ENOENT (No such file or directory)
stat("/usr/local/cuda-11.8/lib64/avx512_1/x86_64", 0x7ffd9669c8b0) = -1 ENOENT (No such file or directory)
openat(AT_FDCWD, "/usr/local/cuda-11.8/lib64/avx512_1/librt.so.1", O_RDONLY|O_CLOEXEC) = -1 ENOENT (No such file or directory)
stat("/usr/local/cuda-11.8/lib64/avx512_1", 0x7ffd9669c8b0) = -1 ENOENT (No such file or directory)
openat(AT_FDCWD, "/usr/local/cuda-11.8/lib64/x86_64/librt.so.1", O_RDONLY|O_CLOEXEC) = -1 ENOENT (No such file or directory)
stat("/usr/local/cuda-11.8/lib64/x86_64", 0x7ffd9669c8b0) = -1 ENOENT (No such file or directory)
openat(AT_FDCWD, "/usr/local/cuda-11.8/lib64/librt.so.1", O_RDONLY|O_CLOEXEC) = -1 ENOENT (No such file or directory)
stat("/usr/local/cuda-11.8/lib64", {st_mode=S_IFDIR|0755, st_size=4096, ...}) = 0
openat(AT_FDCWD, "/etc/ld.so.cache", O_RDONLY|O_CLOEXEC) = 3
fstat(3, {st_mode=S_IFREG|0644, st_size=165703, ...}) = 0
mmap(NULL, 165703, PROT_READ, MAP_PRIVATE, 3, 0) = 0x7f40c539e000
close(3)                                = 0
openat(AT_FDCWD, "/lib/x86_64-linux-gnu/librt.so.1", O_RDONLY|O_CLOEXEC) = 3
read(3, "\177ELF\2\1\1\0\0\0\0\0\0\0\0\0\3\0>\0\1\0\0\0 '\0\0\0\0\0\0"..., 832) = 832
fstat(3, {st_mode=S_IFREG|0644, st_size=35960, ...}) = 0
mmap(NULL, 39904, PROT_READ, MAP_PRIVATE|MAP_DENYWRITE, 3, 0) = 0x7f40c5394000
mmap(0x7f40c5396000, 16384, PROT_READ|PROT_EXEC, MAP_PRIVATE|MAP_FIXED|MAP_DENYWRITE, 3, 0x2000) = 0x7f40c5396000
mmap(0x7f40c539a000, 8192, PROT_READ, MAP_PRIVATE|MAP_FIXED|MAP_DENYWRITE, 3, 0x6000) = 0x7f40c539a000
mmap(0x7f40c539c000, 8192, PROT_READ|PROT_WRITE, MAP_PRIVATE|MAP_FIXED|MAP_DENYWRITE, 3, 0x7000) = 0x7f40c539c000
close(3)                                = 0
openat(AT_FDCWD, "/usr/local/cuda-11.8/lib64/libpthread.so.0", O_RDONLY|O_CLOEXEC) = -1 ENOENT (No such file or directory)
openat(AT_FDCWD, "/lib/x86_64-linux-gnu/libpthread.so.0", O_RDONLY|O_CLOEXEC) = 3
read(3, "\177ELF\2\1\1\0\0\0\0\0\0\0\0\0\3\0>\0\1\0\0\0\220q\0\0\0\0\0\0"..., 832) = 832
pread64(3, "\4\0\0\0\24\0\0\0\3\0\0\0GNU\0{E6\364\34\332\245\210\204\10\350-\0106\343="..., 68, 824) = 68
fstat(3, {st_mode=S_IFREG|0755, st_size=157224, ...}) = 0
pread64(3, "\4\0\0\0\24\0\0\0\3\0\0\0GNU\0{E6\364\34\332\245\210\204\10\350-\0106\343="..., 68, 824) = 68
mmap(NULL, 140408, PROT_READ, MAP_PRIVATE|MAP_DENYWRITE, 3, 0) = 0x7f40c5371000
mmap(0x7f40c5377000, 69632, PROT_READ|PROT_EXEC, MAP_PRIVATE|MAP_FIXED|MAP_DENYWRITE, 3, 0x6000) = 0x7f40c5377000
mmap(0x7f40c5388000, 24576, PROT_READ, MAP_PRIVATE|MAP_FIXED|MAP_DENYWRITE, 3, 0x17000) = 0x7f40c5388000
mmap(0x7f40c538e000, 8192, PROT_READ|PROT_WRITE, MAP_PRIVATE|MAP_FIXED|MAP_DENYWRITE, 3, 0x1c000) = 0x7f40c538e000
mmap(0x7f40c5390000, 13432, PROT_READ|PROT_WRITE, MAP_PRIVATE|MAP_FIXED|MAP_ANONYMOUS, -1, 0) = 0x7f40c5390000
close(3)                                = 0
openat(AT_FDCWD, "/usr/local/cuda-11.8/lib64/libdl.so.2", O_RDONLY|O_CLOEXEC) = -1 ENOENT (No such file or directory)
openat(AT_FDCWD, "/lib/x86_64-linux-gnu/libdl.so.2", O_RDONLY|O_CLOEXEC) = 3
read(3, "\177ELF\2\1\1\0\0\0\0\0\0\0\0\0\3\0>\0\1\0\0\0 \22\0\0\0\0\0\0"..., 832) = 832
fstat(3, {st_mode=S_IFREG|0644, st_size=18848, ...}) = 0
mmap(NULL, 20752, PROT_READ, MAP_PRIVATE|MAP_DENYWRITE, 3, 0) = 0x7f40c536b000
mmap(0x7f40c536c000, 8192, PROT_READ|PROT_EXEC, MAP_PRIVATE|MAP_FIXED|MAP_DENYWRITE, 3, 0x1000) = 0x7f40c536c000
mmap(0x7f40c536e000, 4096, PROT_READ, MAP_PRIVATE|MAP_FIXED|MAP_DENYWRITE, 3, 0x3000) = 0x7f40c536e000
mmap(0x7f40c536f000, 8192, PROT_READ|PROT_WRITE, MAP_PRIVATE|MAP_FIXED|MAP_DENYWRITE, 3, 0x3000) = 0x7f40c536f000
close(3)                                = 0
openat(AT_FDCWD, "/usr/local/cuda-11.8/lib64/libstdc++.so.6", O_RDONLY|O_CLOEXEC) = -1 ENOENT (No such file or directory)
openat(AT_FDCWD, "/usr/lib/x86_64-linux-gnu/libstdc++.so.6", O_RDONLY|O_CLOEXEC) = 3
read(3, "\177ELF\2\1\1\3\0\0\0\0\0\0\0\0\3\0>\0\1\0\0\0 \341\t\0\0\0\0\0"..., 832) = 832
fstat(3, {st_mode=S_IFREG|0644, st_size=1956992, ...}) = 0
mmap(NULL, 1972224, PROT_READ, MAP_PRIVATE|MAP_DENYWRITE, 3, 0) = 0x7f40c5189000
mprotect(0x7f40c521f000, 1290240, PROT_NONE) = 0
mmap(0x7f40c521f000, 987136, PROT_READ|PROT_EXEC, MAP_PRIVATE|MAP_FIXED|MAP_DENYWRITE, 3, 0x96000) = 0x7f40c521f000
mmap(0x7f40c5310000, 299008, PROT_READ, MAP_PRIVATE|MAP_FIXED|MAP_DENYWRITE, 3, 0x187000) = 0x7f40c5310000
mmap(0x7f40c535a000, 57344, PROT_READ|PROT_WRITE, MAP_PRIVATE|MAP_FIXED|MAP_DENYWRITE, 3, 0x1d0000) = 0x7f40c535a000
mmap(0x7f40c5368000, 10240, PROT_READ|PROT_WRITE, MAP_PRIVATE|MAP_FIXED|MAP_ANONYMOUS, -1, 0) = 0x7f40c5368000
close(3)                                = 0
openat(AT_FDCWD, "/usr/local/cuda-11.8/lib64/libm.so.6", O_RDONLY|O_CLOEXEC) = -1 ENOENT (No such file or directory)
openat(AT_FDCWD, "/lib/x86_64-linux-gnu/libm.so.6", O_RDONLY|O_CLOEXEC) = 3
read(3, "\177ELF\2\1\1\3\0\0\0\0\0\0\0\0\3\0>\0\1\0\0\0\300\323\0\0\0\0\0\0"..., 832) = 832
fstat(3, {st_mode=S_IFREG|0644, st_size=1369384, ...}) = 0
mmap(NULL, 1368336, PROT_READ, MAP_PRIVATE|MAP_DENYWRITE, 3, 0) = 0x7f40c503a000
mmap(0x7f40c5047000, 684032, PROT_READ|PROT_EXEC, MAP_PRIVATE|MAP_FIXED|MAP_DENYWRITE, 3, 0xd000) = 0x7f40c5047000
mmap(0x7f40c50ee000, 626688, PROT_READ, MAP_PRIVATE|MAP_FIXED|MAP_DENYWRITE, 3, 0xb4000) = 0x7f40c50ee000
mmap(0x7f40c5187000, 8192, PROT_READ|PROT_WRITE, MAP_PRIVATE|MAP_FIXED|MAP_DENYWRITE, 3, 0x14c000) = 0x7f40c5187000
close(3)                                = 0
openat(AT_FDCWD, "/usr/local/cuda-11.8/lib64/libgcc_s.so.1", O_RDONLY|O_CLOEXEC) = -1 ENOENT (No such file or directory)
openat(AT_FDCWD, "/lib/x86_64-linux-gnu/libgcc_s.so.1", O_RDONLY|O_CLOEXEC) = 3
read(3, "\177ELF\2\1\1\0\0\0\0\0\0\0\0\0\3\0>\0\1\0\0\0\3405\0\0\0\0\0\0"..., 832) = 832
fstat(3, {st_mode=S_IFREG|0644, st_size=104984, ...}) = 0
mmap(NULL, 107592, PROT_READ, MAP_PRIVATE|MAP_DENYWRITE, 3, 0) = 0x7f40c501f000
mmap(0x7f40c5022000, 73728, PROT_READ|PROT_EXEC, MAP_PRIVATE|MAP_FIXED|MAP_DENYWRITE, 3, 0x3000) = 0x7f40c5022000
mmap(0x7f40c5034000, 16384, PROT_READ, MAP_PRIVATE|MAP_FIXED|MAP_DENYWRITE, 3, 0x15000) = 0x7f40c5034000
mmap(0x7f40c5038000, 8192, PROT_READ|PROT_WRITE, MAP_PRIVATE|MAP_FIXED|MAP_DENYWRITE, 3, 0x18000) = 0x7f40c5038000
close(3)                                = 0
openat(AT_FDCWD, "/usr/local/cuda-11.8/lib64/libc.so.6", O_RDONLY|O_CLOEXEC) = -1 ENOENT (No such file or directory)
openat(AT_FDCWD, "/lib/x86_64-linux-gnu/libc.so.6", O_RDONLY|O_CLOEXEC) = 3
read(3, "\177ELF\2\1\1\3\0\0\0\0\0\0\0\0\3\0>\0\1\0\0\0\300A\2\0\0\0\0\0"..., 832) = 832
pread64(3, "\6\0\0\0\4\0\0\0@\0\0\0\0\0\0\0@\0\0\0\0\0\0\0@\0\0\0\0\0\0\0"..., 784, 64) = 784
pread64(3, "\4\0\0\0\20\0\0\0\5\0\0\0GNU\0\2\0\0\300\4\0\0\0\3\0\0\0\0\0\0\0", 32, 848) = 32
pread64(3, "\4\0\0\0\24\0\0\0\3\0\0\0GNU\0\30x\346\264ur\f|Q\226\236i\253-'o"..., 68, 880) = 68
fstat(3, {st_mode=S_IFREG|0755, st_size=2029592, ...}) = 0
mmap(NULL, 8192, PROT_READ|PROT_WRITE, MAP_PRIVATE|MAP_ANONYMOUS, -1, 0) = 0x7f40c501d000
pread64(3, "\6\0\0\0\4\0\0\0@\0\0\0\0\0\0\0@\0\0\0\0\0\0\0@\0\0\0\0\0\0\0"..., 784, 64) = 784
pread64(3, "\4\0\0\0\20\0\0\0\5\0\0\0GNU\0\2\0\0\300\4\0\0\0\3\0\0\0\0\0\0\0", 32, 848) = 32
pread64(3, "\4\0\0\0\24\0\0\0\3\0\0\0GNU\0\30x\346\264ur\f|Q\226\236i\253-'o"..., 68, 880) = 68
mmap(NULL, 2037344, PROT_READ, MAP_PRIVATE|MAP_DENYWRITE, 3, 0) = 0x7f40c4e2b000
mmap(0x7f40c4e4d000, 1540096, PROT_READ|PROT_EXEC, MAP_PRIVATE|MAP_FIXED|MAP_DENYWRITE, 3, 0x22000) = 0x7f40c4e4d000
mmap(0x7f40c4fc5000, 319488, PROT_READ, MAP_PRIVATE|MAP_FIXED|MAP_DENYWRITE, 3, 0x19a000) = 0x7f40c4fc5000
mmap(0x7f40c5013000, 24576, PROT_READ|PROT_WRITE, MAP_PRIVATE|MAP_FIXED|MAP_DENYWRITE, 3, 0x1e7000) = 0x7f40c5013000
mmap(0x7f40c5019000, 13920, PROT_READ|PROT_WRITE, MAP_PRIVATE|MAP_FIXED|MAP_ANONYMOUS, -1, 0) = 0x7f40c5019000
close(3)                                = 0
mmap(NULL, 24576, PROT_READ|PROT_WRITE, MAP_PRIVATE|MAP_ANONYMOUS, -1, 0) = 0x7f40c4e25000
arch_prctl(ARCH_SET_FS, 0x7f40c4e28000) = 0
mprotect(0x7f40c5013000, 16384, PROT_READ) = 0
mprotect(0x7f40c5038000, 4096, PROT_READ) = 0
mprotect(0x7f40c5187000, 4096, PROT_READ) = 0
mmap(NULL, 8192, PROT_READ|PROT_WRITE, MAP_PRIVATE|MAP_ANONYMOUS, -1, 0) = 0x7f40c4e23000
mprotect(0x7f40c535a000, 45056, PROT_READ) = 0
mprotect(0x7f40c536f000, 4096, PROT_READ) = 0
mprotect(0x7f40c538e000, 4096, PROT_READ) = 0
mprotect(0x7f40c539c000, 4096, PROT_READ) = 0
mprotect(0x55b95cc2b000, 131072, PROT_READ) = 0
mprotect(0x7f40c53f6000, 4096, PROT_READ) = 0
munmap(0x7f40c539e000, 165703)          = 0
set_tid_address(0x7f40c4e282d0)         = 791800
set_robust_list(0x7f40c4e282e0, 24)     = 0
rt_sigaction(SIGRTMIN, {sa_handler=0x7f40c5377bf0, sa_mask=[], sa_flags=SA_RESTORER|SA_SIGINFO, sa_restorer=0x7f40c5385420}, NULL, 8) = 0
rt_sigaction(SIGRT_1, {sa_handler=0x7f40c5377c90, sa_mask=[], sa_flags=SA_RESTORER|SA_RESTART|SA_SIGINFO, sa_restorer=0x7f40c5385420}, NULL, 8) = 0
rt_sigprocmask(SIG_UNBLOCK, [RTMIN RT_1], NULL, 8) = 0
prlimit64(0, RLIMIT_STACK, NULL, {rlim_cur=8192*1024, rlim_max=RLIM64_INFINITY}) = 0
brk(NULL)                               = 0x55b95ccb2000
brk(0x55b95ccd3000)                     = 0x55b95ccd3000
futex(0x55b95cc5ef3c, FUTEX_WAKE_PRIVATE, 2147483647) = 0
futex(0x7f40c53686bc, FUTEX_WAKE_PRIVATE, 2147483647) = 0
futex(0x7f40c53686c8, FUTEX_WAKE_PRIVATE, 2147483647) = 0
brk(0x55b95ccf4000)                     = 0x55b95ccf4000
mkdir("./fs", 0777)                     = -1 EEXIST (File exists)
openat(AT_FDCWD, "./ta/bin/hello", O_RDONLY) = 3
lseek(3, 0, SEEK_END)                   = 25520
lseek(3, 0, SEEK_CUR)                   = 25520
lseek(3, 0, SEEK_SET)                   = 0
lseek(3, 0, SEEK_CUR)                   = 0
lseek(3, 0, SEEK_SET)                   = 0
read(3, "\177ELF\1\1\1\0\0\0\0\0\0\0\0\0\2\0\363\0\1\0\0\0\0\0\0\0004\0\0\0"..., 8191) = 8191
lseek(3, 0, SEEK_SET)                   = 0
close(3)                                = 0
openat(AT_FDCWD, "./ta/bin/hello", O_RDONLY) = 3
lseek(3, 0, SEEK_END)                   = 25520
lseek(3, 0, SEEK_CUR)                   = 25520
lseek(3, 0, SEEK_SET)                   = 0
brk(0x55b95cd16000)                     = 0x55b95cd16000
read(3, "\177ELF\1\1\1\0\0\0\0\0\0\0\0\0\2\0\363\0\1\0\0\0\0\0\0\0004\0\0\0"..., 25520) = 25520
close(3)                                = 0
ioctl(2, TCGETS, {B38400 opost isig icanon echo ...}) = 0
fstat(1, {st_mode=S_IFCHR|0620, st_rdev=makedev(0x88, 0x3), ...}) = 0
write(1, "symbol: __do_global_dtors_aux, a"..., 42) = 42
write(1, "symbol: frame_dummy, addr: 0x9c\n", 32) = 32
write(1, "symbol: register_fini, addr: 0x3"..., 35) = 35
write(1, "symbol: __fp_lock, addr: 0x538\n", 31) = 31
write(1, "symbol: __fp_unlock, addr: 0x54c"..., 33) = 33
write(1, "symbol: __sinit.part.0, addr: 0x"..., 36) = 36
write(1, "symbol: _isatty_r, addr: 0x3208\n", 32) = 32
write(1, "symbol: cleanup_glue, addr: 0x2f"..., 35) = 35
write(1, "symbol: _puts_r, addr: 0x290\n", 29) = 29
write(1, "symbol: _lseek_r, addr: 0x2c14\n", 31) = 31
write(1, "symbol: __sseek, addr: 0x20d4\n", 30) = 30
write(1, "symbol: __sinit, addr: 0x884\n", 29) = 29
write(1, "symbol: __sfmoreglue, addr: 0x6d"..., 34) = 34
write(1, "symbol: __malloc_unlock, addr: 0"..., 38) = 38
write(1, "symbol: memmove, addr: 0x190c\n", 30) = 30
write(1, "symbol: _cleanup, addr: 0x870\n", 30) = 30
write(1, "symbol: __errno, addr: 0x356c\n", 30) = 30
write(1, "symbol: _conv_stat, addr: 0x34c4"..., 33) = 33
write(1, "symbol: _fstat_r, addr: 0x31a0\n", 31) = 31
write(1, "symbol: __seofread, addr: 0x2044"..., 33) = 33
write(1, "symbol: memcpy, addr: 0x1768\n", 29) = 29
write(1, "symbol: _cleanup_r, addr: 0x540\n", 32) = 32
write(1, "symbol: puts, addr: 0x360\n", 26) = 26
write(1, "symbol: _fstat, addr: 0x32dc\n", 29) = 29
write(1, "symbol: __sfvwrite_r, addr: 0x91"..., 34) = 34
write(1, "symbol: _sbrk_r, addr: 0x1f88\n", 30) = 30
write(1, "symbol: _read_r, addr: 0x2ee4\n", 30) = 30
write(1, "symbol: _fclose_r, addr: 0x2378\n", 32) = 32
write(1, "symbol: fflush, addr: 0x2744\n", 29) = 29
write(1, "symbol: _isatty, addr: 0x333c\n", 30) = 30
write(1, "symbol: _realloc_r, addr: 0x1a30"..., 33) = 33
write(1, "symbol: __libc_init_array, addr:"..., 39) = 39
write(1, "symbol: _sbrk, addr: 0x3404\n", 28) = 28
write(1, "symbol: __fp_lock_all, addr: 0x8"..., 35) = 35
write(1, "symbol: __libc_fini_array, addr:"..., 39) = 39
write(1, "symbol: _reclaim_reent, addr: 0x"..., 37) = 37
write(1, "symbol: __sfp_lock_acquire, addr"..., 40) = 40
write(1, "symbol: memchr, addr: 0x16a4\n", 29) = 29
write(1, "symbol: _free_r, addr: 0x2908\n", 30) = 30
write(1, "symbol: __call_exitprocs, addr: "..., 38) = 38
write(1, "symbol: _start, addr: 0\n", 24) = 24
write(1, "symbol: _lseek, addr: 0x337c\n", 29) = 29
write(1, "symbol: __register_exitproc, add"..., 42) = 42
write(1, "symbol: _close_r, addr: 0x2318\n", 31) = 31
write(1, "symbol: __swsetup_r, addr: 0x21c"..., 34) = 34
write(1, "symbol: __sfp, addr: 0x740\n", 27) = 27
write(1, "symbol: __sinit_lock_release, ad"..., 42) = 42
write(1, "symbol: __sread, addr: 0x1fe8\n", 30) = 30
write(1, "symbol: __malloc_lock, addr: 0x1"..., 36) = 36
write(1, "symbol: _fflush_r, addr: 0x26e4\n", 32) = 32
write(1, "symbol: memset, addr: 0xf4\n", 27) = 27
write(1, "symbol: main, addr: 0xc0\n", 25) = 25
write(1, "symbol: __sclose, addr: 0x214c\n", 31) = 31
write(1, "symbol: fclose, addr: 0x2488\n", 29) = 29
write(1, "symbol: _malloc_r, addr: 0xf0c\n", 31) = 31
write(1, "symbol: _fwalk, addr: 0xdb4\n", 28) = 28
write(1, "symbol: _malloc_trim_r, addr: 0x"..., 37) = 37
write(1, "symbol: atexit, addr: 0x2304\n", 29) = 29
write(1, "symbol: _write_r, addr: 0x2154\n", 31) = 31
write(1, "symbol: __sflush_r, addr: 0x2498"..., 33) = 33
write(1, "symbol: __fp_unlock_all, addr: 0"..., 37) = 37
write(1, "symbol: __swhatbuf_r, addr: 0x2e"..., 35) = 35
write(1, "symbol: _write, addr: 0x3480\n", 29) = 29
write(1, "symbol: __swrite, addr: 0x204c\n", 31) = 31
write(1, "symbol: exit, addr: 0x1d0\n", 26) = 26
write(1, "symbol: _fwalk_reent, addr: 0xe5"..., 34) = 34
write(1, "symbol: __sfp_lock_release, addr"..., 40) = 40
write(1, "symbol: _read, addr: 0x33c0\n", 28) = 28
write(1, "symbol: _exit, addr: 0x32ac\n", 28) = 28
write(1, "symbol: __smakebuf_r, addr: 0x2c"..., 35) = 35
write(1, "symbol: strlen, addr: 0x370\n", 28) = 28
write(1, "symbol: _close, addr: 0x3268\n", 29) = 29
write(1, "symbol: __sinit_lock_acquire, ad"..., 42) = 42
write(1, "[SEG] contentsize: 33, vsize: 0 "..., 48) = 48
write(1, "[SEG] contentsize: 13704, vsize:"..., 55) = 55
write(1, "\t[.cuda_constant] \n", 19)   = 19
write(1, "CRO spill: 0x1588\n", 18)     = 18
futex(0x7f40c53700c8, FUTEX_WAKE_PRIVATE, 2147483647) = 0
openat(AT_FDCWD, "/usr/local/cuda-11.8/lib64/libcuda.so.1", O_RDONLY|O_CLOEXEC) = -1 ENOENT (No such file or directory)
openat(AT_FDCWD, "/etc/ld.so.cache", O_RDONLY|O_CLOEXEC) = 3
fstat(3, {st_mode=S_IFREG|0644, st_size=165703, ...}) = 0
mmap(NULL, 165703, PROT_READ, MAP_PRIVATE, 3, 0) = 0x7f40c539e000
close(3)                                = 0
openat(AT_FDCWD, "/usr/lib/x86_64-linux-gnu/libcuda.so.1", O_RDONLY|O_CLOEXEC) = 3
read(3, "\177ELF\2\1\1\0\0\0\0\0\0\0\0\0\3\0>\0\1\0\0\0\320]\r\0\0\0\0\0"..., 832) = 832
fstat(3, {st_mode=S_IFREG|0644, st_size=26284256, ...}) = 0
mmap(NULL, 26689024, PROT_READ, MAP_PRIVATE|MAP_DENYWRITE, 3, 0) = 0x7f40c34af000
mprotect(0x7f40c3584000, 24256512, PROT_NONE) = 0
mmap(0x7f40c3584000, 4804608, PROT_READ|PROT_EXEC, MAP_PRIVATE|MAP_FIXED|MAP_DENYWRITE, 3, 0xd5000) = 0x7f40c3584000
mmap(0x7f40c3a19000, 19447808, PROT_READ, MAP_PRIVATE|MAP_FIXED|MAP_DENYWRITE, 3, 0x56a000) = 0x7f40c3a19000
mmap(0x7f40c4ca6000, 1159168, PROT_READ|PROT_WRITE, MAP_PRIVATE|MAP_FIXED|MAP_DENYWRITE, 3, 0x17f6000) = 0x7f40c4ca6000
mmap(0x7f40c4dc1000, 400896, PROT_READ|PROT_WRITE, MAP_PRIVATE|MAP_FIXED|MAP_ANONYMOUS, -1, 0) = 0x7f40c4dc1000
close(3)                                = 0
mprotect(0x7f40c4ca6000, 86016, PROT_READ) = 0
sched_get_priority_max(SCHED_RR)        = 99
sched_get_priority_min(SCHED_RR)        = 1
munmap(0x7f40c539e000, 165703)          = 0
getpid()                                = 791800
openat(AT_FDCWD, "/sys/devices/system/cpu/online", O_RDONLY|O_CLOEXEC) = 3
read(3, "0-27\n", 8192)                 = 5
close(3)                                = 0
mmap(NULL, 135168, PROT_READ|PROT_WRITE, MAP_PRIVATE|MAP_ANONYMOUS, -1, 0) = 0x7f40c53a6000
sched_getaffinity(791800, 8, [0, 1, 2, 3, 4, 5, 6, 7, 8, 9, 10, 11, 12, 13, 14, 15, 16, 17, 18, 19, 20, 21, 22, 23, 24, 25, 26, 27]) = 8
munmap(0x7f40c53a6000, 135168)          = 0
openat(AT_FDCWD, "/proc/sys/vm/mmap_min_addr", O_RDONLY) = 3
fstat(3, {st_mode=S_IFREG|0644, st_size=0, ...}) = 0
read(3, "65536\n", 1024)                = 6
close(3)                                = 0
openat(AT_FDCWD, "/proc/cpuinfo", O_RDONLY) = 3
fstat(3, {st_mode=S_IFREG|0444, st_size=0, ...}) = 0
read(3, "processor\t: 0\nvendor_id\t: Genuin"..., 1024) = 1024
read(3, "clwb intel_pt avx512cd avx512bw "..., 1024) = 1024
close(3)                                = 0
openat(AT_FDCWD, "/proc/self/maps", O_RDONLY) = 3
fstat(3, {st_mode=S_IFREG|0444, st_size=0, ...}) = 0
read(3, "55b95c66c000-55b95c6c6000 r--p 0"..., 1024) = 1024
read(3, "4ca5000-7f40c4ca6000 ---p 017f60"..., 1024) = 1024
read(3, "00000000 08:02 22414481         "..., 1024) = 1024
read(3, "x86_64-linux-gnu/libm-2.31.so\n7f"..., 1024) = 1024
read(3, "7f40c536f000 r--p 00003000 08:02"..., 1024) = 1024
read(3, "gnu/librt-2.31.so\n7f40c5396000-7"..., 1024) = 1024
read(3, "-2.31.so\n7f40c53f8000-7f40c53f90"..., 1024) = 383
close(3)                                = 0
getpid()                                = 791800
futex(0x7f40c4dc6894, FUTEX_WAKE_PRIVATE, 2147483647) = 0
statfs("/dev/shm/", {f_type=TMPFS_MAGIC, f_bsize=4096, f_blocks=16448041, f_bfree=16448041, f_bavail=16448041, f_files=16448041, f_ffree=16448040, f_fsid={val=[0, 0]}, f_namelen=255, f_frsize=4096, f_flags=ST_VALID|ST_NOSUID|ST_NODEV}) = 0
futex(0x7f40c5393390, FUTEX_WAKE_PRIVATE, 2147483647) = 0
openat(AT_FDCWD, "/dev/shm/cuda_injection_path_shm", O_RDWR|O_NOFOLLOW|O_CLOEXEC) = -1 ENOENT (No such file or directory)
openat(AT_FDCWD, "/home/iman/.nv/nvidia-application-profile-globals-rc", O_RDONLY) = -1 ENOENT (No such file or directory)
openat(AT_FDCWD, "/home/iman/.nv/nvidia-application-profiles-rc", O_RDONLY) = -1 ENOENT (No such file or directory)
openat(AT_FDCWD, "/home/iman/.nv/nvidia-application-profiles-rc.d", O_RDONLY) = -1 ENOENT (No such file or directory)
openat(AT_FDCWD, "/etc/nvidia/nvidia-application-profiles-rc", O_RDONLY) = -1 ENOENT (No such file or directory)
openat(AT_FDCWD, "/etc/nvidia/nvidia-application-profiles-rc.d/", O_RDONLY) = -1 ENOENT (No such file or directory)
openat(AT_FDCWD, "/usr/share/nvidia/nvidia-application-profiles-520.61.05-rc", O_RDONLY) = 3
fstat(3, {st_mode=S_IFREG|0644, st_size=9649, ...}) = 0
fstat(3, {st_mode=S_IFREG|0644, st_size=9649, ...}) = 0
read(3, "# Application profiles for the N"..., 8192) = 8192
read(3, "le\" : \"UseThreadedOptimizations\""..., 4096) = 1457
brk(0x55b95cd37000)                     = 0x55b95cd37000
close(3)                                = 0
openat(AT_FDCWD, "/usr/share/nvidia/nvidia-application-profiles-rc", O_RDONLY) = -1 ENOENT (No such file or directory)
getpid()                                = 791800
readlink("/proc/791800/exe", "/home/iman/gRV/CRV2/bin/managed0", 4095) = 32
getpid()                                = 791800
geteuid()                               = 1000
socket(AF_UNIX, SOCK_SEQPACKET|SOCK_CLOEXEC, 0) = 3
setsockopt(3, SOL_SOCKET, SO_PASSCRED, [1], 4) = 0
connect(3, {sa_family=AF_UNIX, sun_path="/tmp/nvidia-mps/control"}, 26) = -1 ENOENT (No such file or directory)
close(3)                                = 0
lstat("/proc", {st_mode=S_IFDIR|0555, st_size=0, ...}) = 0
lstat("/proc/self", {st_mode=S_IFLNK|0777, st_size=0, ...}) = 0
readlink("/proc/self", "791800", 4095)  = 6
lstat("/proc/791800", {st_mode=S_IFDIR|0555, st_size=0, ...}) = 0
lstat("/proc/791800/exe", {st_mode=S_IFLNK|0777, st_size=0, ...}) = 0
readlink("/proc/791800/exe", "/home/iman/gRV/CRV2/bin/managed0", 4095) = 32
lstat("/home", {st_mode=S_IFDIR|0755, st_size=4096, ...}) = 0
lstat("/home/iman", {st_mode=S_IFDIR|0755, st_size=4096, ...}) = 0
lstat("/home/iman/gRV", {st_mode=S_IFDIR|0775, st_size=4096, ...}) = 0
lstat("/home/iman/gRV/CRV2", {st_mode=S_IFDIR|0775, st_size=4096, ...}) = 0
lstat("/home/iman/gRV/CRV2/bin", {st_mode=S_IFDIR|0775, st_size=4096, ...}) = 0
lstat("/home/iman/gRV/CRV2/bin/managed0", {st_mode=S_IFREG|0775, st_size=8971080, ...}) = 0
brk(0x55b95cd72000)                     = 0x55b95cd72000
openat(AT_FDCWD, "/proc/modules", O_RDONLY) = 3
fstat(3, {st_mode=S_IFREG|0444, st_size=0, ...}) = 0
read(3, "rfcomm 81920 4 - Live 0x00000000"..., 1024) = 1024
read(3, "32768 0 - Live 0x000000000000000"..., 1024) = 1024
close(3)                                = 0
openat(AT_FDCWD, "/proc/driver/nvidia/params", O_RDONLY) = 3
fstat(3, {st_mode=S_IFREG|0444, st_size=0, ...}) = 0
read(3, "ResmanDebugLevel: 4294967295\nRmL"..., 1024) = 878
close(3)                                = 0
stat("/dev/nvidiactl", {st_mode=S_IFCHR|0666, st_rdev=makedev(0xc3, 0xff), ...}) = 0
openat(AT_FDCWD, "/dev/nvidiactl", O_RDWR) = 3
fcntl(3, F_SETFD, FD_CLOEXEC)           = 0
ioctl(3, _IOC(_IOC_READ|_IOC_WRITE, 0x46, 0xd2, 0x48), 0x7ffd9669c310) = 0
openat(AT_FDCWD, "/sys/devices/system/memory/block_size_bytes", O_RDONLY) = 4
read(4, "20000000\n", 99)               = 9
close(4)                                = 0
ioctl(3, _IOC(_IOC_READ|_IOC_WRITE, 0x46, 0xd6, 0x8), 0x7ffd9669c310) = 0
ioctl(3, _IOC(_IOC_READ|_IOC_WRITE, 0x46, 0xc8, 0x900), 0x7f40c4e0cee0) = 0
ioctl(3, _IOC(_IOC_READ|_IOC_WRITE, 0x46, 0x2b, 0x20), 0x7ffd9669c310) = 0
ioctl(3, _IOC(_IOC_READ|_IOC_WRITE, 0x46, 0x2a, 0x20), 0x7ffd9669b260) = 0
ioctl(3, _IOC(_IOC_READ|_IOC_WRITE, 0x46, 0x29, 0x10), 0x7ffd9669c370) = 0
close(3)                                = 0
openat(AT_FDCWD, "/proc/modules", O_RDONLY) = 3
fstat(3, {st_mode=S_IFREG|0444, st_size=0, ...}) = 0
read(3, "rfcomm 81920 4 - Live 0x00000000"..., 1024) = 1024
read(3, "32768 0 - Live 0x000000000000000"..., 1024) = 1024
close(3)                                = 0
openat(AT_FDCWD, "/proc/driver/nvidia/params", O_RDONLY) = 3
fstat(3, {st_mode=S_IFREG|0444, st_size=0, ...}) = 0
read(3, "ResmanDebugLevel: 4294967295\nRmL"..., 1024) = 878
close(3)                                = 0
stat("/dev/nvidiactl", {st_mode=S_IFCHR|0666, st_rdev=makedev(0xc3, 0xff), ...}) = 0
openat(AT_FDCWD, "/dev/nvidiactl", O_RDWR) = 3
fcntl(3, F_SETFD, FD_CLOEXEC)           = 0
ioctl(3, _IOC(_IOC_READ|_IOC_WRITE, 0x46, 0xd2, 0x48), 0x7ffd9669c8c0) = 0
openat(AT_FDCWD, "/sys/devices/system/memory/block_size_bytes", O_RDONLY) = 4
read(4, "20000000\n", 99)               = 9
close(4)                                = 0
ioctl(3, _IOC(_IOC_READ|_IOC_WRITE, 0x46, 0xd6, 0x8), 0x7ffd9669c8c0) = 0
ioctl(3, _IOC(_IOC_READ|_IOC_WRITE, 0x46, 0xc8, 0x900), 0x7f40c4e0cee0) = 0
ioctl(3, _IOC(_IOC_READ|_IOC_WRITE, 0x46, 0x2b, 0x20), 0x7ffd9669c8c0) = 0
ioctl(3, _IOC(_IOC_READ|_IOC_WRITE, 0x46, 0x2a, 0x20), 0x7ffd9669b7e0) = 0
ioctl(3, _IOC(_IOC_READ|_IOC_WRITE, 0x46, 0x2a, 0x20), 0x7ffd9669b7e0) = 0
openat(AT_FDCWD, "/proc/self/status", O_RDONLY) = 4
fstat(4, {st_mode=S_IFREG|0444, st_size=0, ...}) = 0
read(4, "Name:\tmanaged0\nUmask:\t0002\nState"..., 1024) = 1024
read(4, "s_allowed:\t00000000,00000000,000"..., 1024) = 379
close(4)                                = 0
openat(AT_FDCWD, "/sys/devices/system/node", O_RDONLY|O_NONBLOCK|O_CLOEXEC|O_DIRECTORY) = 4
fstat(4, {st_mode=S_IFDIR|0755, st_size=0, ...}) = 0
getdents64(4, /* 10 entries */, 32768)  = 312
openat(AT_FDCWD, "/sys/devices/system/node/node0/cpumap", O_RDONLY) = 5
fstat(5, {st_mode=S_IFREG|0444, st_size=4096, ...}) = 0
read(5, "fffffff\n", 4096)              = 8
close(5)                                = 0
getdents64(4, /* 0 entries */, 32768)   = 0
close(4)                                = 0
futex(0x7f40c4e0c2c8, FUTEX_WAKE_PRIVATE, 2147483647) = 0
get_mempolicy([MPOL_DEFAULT], [000000000000000000, 000000000000000000, 000000000000000000, 000000000000000000, 000000000000000000, 000000000000000000, 000000000000000000, 000000000000000000, 000000000000000000, 000000000000000000, 000000000000000000, 000000000000000000, 000000000000000000, 000000000000000000, 000000000000000000, 000000000000000000], 1024, NULL, 0) = 0
openat(AT_FDCWD, "/proc/modules", O_RDONLY) = 4
fstat(4, {st_mode=S_IFREG|0444, st_size=0, ...}) = 0
read(4, "rfcomm 81920 4 - Live 0x00000000"..., 1024) = 1024
read(4, "32768 0 - Live 0x000000000000000"..., 1024) = 1024
close(4)                                = 0
openat(AT_FDCWD, "/proc/devices", O_RDONLY) = 4
fstat(4, {st_mode=S_IFREG|0444, st_size=0, ...}) = 0
read(4, "Character devices:\n  1 mem\n  4 /"..., 1024) = 730
close(4)                                = 0
stat("/dev/nvidia-uvm", {st_mode=S_IFCHR|0666, st_rdev=makedev(0x1ff, 0), ...}) = 0
stat("/dev/nvidia-uvm-tools", {st_mode=S_IFCHR|0666, st_rdev=makedev(0x1ff, 0x1), ...}) = 0
openat(AT_FDCWD, "/dev/nvidia-uvm", O_RDWR|O_CLOEXEC) = 4
fcntl(4, F_GETFD)                       = 0x1 (flags FD_CLOEXEC)
ioctl(4, _IOC(_IOC_NONE, 0, 0x1, 0x3000), 0x7ffd9669c930) = 0
ioctl(4, _IOC(_IOC_NONE, 0, 0x27, 0), 0x7ffd9669c930) = 0
ioctl(3, _IOC(_IOC_READ|_IOC_WRITE, 0x46, 0x2a, 0x20), 0x7ffd9669a300) = 0
ioctl(3, _IOC(_IOC_READ|_IOC_WRITE, 0x46, 0x2a, 0x20), 0x7ffd9669a200) = 0
ioctl(3, _IOC(_IOC_READ|_IOC_WRITE, 0x46, 0x2a, 0x20), 0x7ffd96699a40) = 0
ioctl(3, _IOC(_IOC_READ|_IOC_WRITE, 0x46, 0x2a, 0x20), 0x7ffd9669a2b0) = 0
openat(AT_FDCWD, "/proc/driver/nvidia/params", O_RDONLY) = 5
fstat(5, {st_mode=S_IFREG|0444, st_size=0, ...}) = 0
read(5, "ResmanDebugLevel: 4294967295\nRmL"..., 1024) = 878
close(5)                                = 0
stat("/dev/nvidia0", {st_mode=S_IFCHR|0666, st_rdev=makedev(0xc3, 0), ...}) = 0
openat(AT_FDCWD, "/dev/nvidia0", O_RDWR|O_CLOEXEC) = 5
fcntl(5, F_GETFD)                       = 0x1 (flags FD_CLOEXEC)
ioctl(3, _IOC(_IOC_READ|_IOC_WRITE, 0x46, 0x2a, 0x20), 0x7ffd9669a2f0) = 0
ioctl(3, _IOC(_IOC_READ|_IOC_WRITE, 0x46, 0x2a, 0x20), 0x7ffd9669a130) = 0
ioctl(3, _IOC(_IOC_READ|_IOC_WRITE, 0x46, 0x2a, 0x20), 0x7ffd9669a130) = 0
openat(AT_FDCWD, "/proc/driver/nvidia/params", O_RDONLY) = 6
fstat(6, {st_mode=S_IFREG|0444, st_size=0, ...}) = 0
read(6, "ResmanDebugLevel: 4294967295\nRmL"..., 1024) = 878
close(6)                                = 0
stat("/dev/nvidia0", {st_mode=S_IFCHR|0666, st_rdev=makedev(0xc3, 0), ...}) = 0
openat(AT_FDCWD, "/dev/nvidia0", O_RDWR|O_CLOEXEC) = 6
fcntl(6, F_GETFD)                       = 0x1 (flags FD_CLOEXEC)
ioctl(6, _IOC(_IOC_READ|_IOC_WRITE, 0x46, 0xc9, 0x4), 0x7ffd9669b2d0) = 0
ioctl(6, _IOC(_IOC_READ|_IOC_WRITE, 0x46, 0xd7, 0x228), 0x7ffd9669b060) = 0
ioctl(3, _IOC(_IOC_READ|_IOC_WRITE, 0x46, 0x2b, 0x28), 0x7ffd9669b3a0) = 0
ioctl(3, _IOC(_IOC_READ|_IOC_WRITE, 0x46, 0x2a, 0x20), 0x7ffd9669a2b0) = 0
ioctl(3, _IOC(_IOC_READ|_IOC_WRITE, 0x46, 0x2a, 0x20), 0x7ffd9669a2b0) = 0
ioctl(3, _IOC(_IOC_READ|_IOC_WRITE, 0x46, 0x2a, 0x20), 0x7ffd9669a2b0) = 0
ioctl(3, _IOC(_IOC_READ|_IOC_WRITE, 0x46, 0x2a, 0x20), 0x7ffd9669a2b0) = 0
ioctl(3, _IOC(_IOC_READ|_IOC_WRITE, 0x46, 0x2a, 0x20), 0x7ffd9669a190) = 0
ioctl(3, _IOC(_IOC_READ|_IOC_WRITE, 0x46, 0x2a, 0x20), 0x7ffd9669a090) = 0
ioctl(3, _IOC(_IOC_READ|_IOC_WRITE, 0x46, 0x2a, 0x20), 0x7ffd9669a090) = 0
openat(AT_FDCWD, "/proc/driver/nvidia/params", O_RDONLY) = 7
fstat(7, {st_mode=S_IFREG|0444, st_size=0, ...}) = 0
read(7, "ResmanDebugLevel: 4294967295\nRmL"..., 1024) = 878
close(7)                                = 0
stat("/dev/nvidia0", {st_mode=S_IFCHR|0666, st_rdev=makedev(0xc3, 0), ...}) = 0
openat(AT_FDCWD, "/dev/nvidia0", O_RDWR|O_CLOEXEC) = 7
fcntl(7, F_GETFD)                       = 0x1 (flags FD_CLOEXEC)
ioctl(7, _IOC(_IOC_READ|_IOC_WRITE, 0x46, 0xc9, 0x4), 0x7ffd9669b230) = 0
ioctl(3, _IOC(_IOC_READ|_IOC_WRITE, 0x46, 0x2b, 0x28), 0x7ffd9669b2f0) = 0
ioctl(3, _IOC(_IOC_READ|_IOC_WRITE, 0x46, 0x2a, 0x20), 0x7ffd9669a2e0) = 0
ioctl(3, _IOC(_IOC_READ|_IOC_WRITE, 0x46, 0x2a, 0x20), 0x7ffd9669a2b0) = 0
ioctl(3, _IOC(_IOC_READ|_IOC_WRITE, 0x46, 0x2a, 0x20), 0x7ffd9669a1c0) = 0
ioctl(3, _IOC(_IOC_READ|_IOC_WRITE, 0x46, 0x2a, 0x20), 0x7ffd96699e90) = 0
ioctl(3, _IOC(_IOC_READ|_IOC_WRITE, 0x46, 0x2a, 0x20), 0x7ffd9669a210) = 0
ioctl(3, _IOC(_IOC_READ|_IOC_WRITE, 0x46, 0x2a, 0x20), 0x7ffd9669a230) = 0
ioctl(3, _IOC(_IOC_READ|_IOC_WRITE, 0x46, 0x2a, 0x20), 0x7ffd9669a140) = 0
ioctl(3, _IOC(_IOC_READ|_IOC_WRITE, 0x46, 0x2a, 0x20), 0x7ffd9669a060) = 0
ioctl(3, _IOC(_IOC_READ|_IOC_WRITE, 0x46, 0x2a, 0x20), 0x7ffd9669a060) = 0
ioctl(3, _IOC(_IOC_READ|_IOC_WRITE, 0x46, 0x2a, 0x20), 0x7ffd9669a060) = 0
ioctl(3, _IOC(_IOC_READ|_IOC_WRITE, 0x46, 0x2a, 0x20), 0x7ffd9669a060) = 0
ioctl(3, _IOC(_IOC_READ|_IOC_WRITE, 0x46, 0x2a, 0x20), 0x7ffd96699dc0) = 0
ioctl(3, _IOC(_IOC_READ|_IOC_WRITE, 0x46, 0x2a, 0x20), 0x7ffd9669a140) = 0
ioctl(3, _IOC(_IOC_READ|_IOC_WRITE, 0x46, 0x2a, 0x20), 0x7ffd9669a140) = 0
ioctl(3, _IOC(_IOC_READ|_IOC_WRITE, 0x46, 0x2a, 0x20), 0x7ffd9669a140) = 0
ioctl(3, _IOC(_IOC_READ|_IOC_WRITE, 0x46, 0x2a, 0x20), 0x7ffd9669a140) = 0
ioctl(3, _IOC(_IOC_READ|_IOC_WRITE, 0x46, 0x2a, 0x20), 0x7ffd9669a0c0) = 0
ioctl(3, _IOC(_IOC_READ|_IOC_WRITE, 0x46, 0x2a, 0x20), 0x7ffd9669a140) = 0
ioctl(3, _IOC(_IOC_READ|_IOC_WRITE, 0x46, 0x2a, 0x20), 0x7ffd9669a140) = 0
ioctl(3, _IOC(_IOC_READ|_IOC_WRITE, 0x46, 0x2a, 0x20), 0x7ffd96699fc0) = 0
ioctl(3, _IOC(_IOC_READ|_IOC_WRITE, 0x46, 0x2a, 0x20), 0x7ffd9669a180) = 0
ioctl(3, _IOC(_IOC_READ|_IOC_WRITE, 0x46, 0x2a, 0x20), 0x7ffd9669a180) = 0
ioctl(3, _IOC(_IOC_READ|_IOC_WRITE, 0x46, 0x2a, 0x20), 0x7ffd9669a180) = 0
ioctl(3, _IOC(_IOC_READ|_IOC_WRITE, 0x46, 0x2a, 0x20), 0x7ffd9669a180) = 0
ioctl(3, _IOC(_IOC_READ|_IOC_WRITE, 0x46, 0x2a, 0x20), 0x7ffd9669a180) = 0
ioctl(3, _IOC(_IOC_READ|_IOC_WRITE, 0x46, 0x2a, 0x20), 0x7ffd9669a180) = 0
ioctl(3, _IOC(_IOC_READ|_IOC_WRITE, 0x46, 0x2a, 0x20), 0x7ffd9669a170) = 0
ioctl(3, _IOC(_IOC_READ|_IOC_WRITE, 0x46, 0x2a, 0x20), 0x7ffd9669a180) = 0
ioctl(3, _IOC(_IOC_READ|_IOC_WRITE, 0x46, 0x2a, 0x20), 0x7ffd9669a180) = 0
ioctl(3, _IOC(_IOC_READ|_IOC_WRITE, 0x46, 0x2a, 0x20), 0x7ffd9669a180) = 0
ioctl(3, _IOC(_IOC_READ|_IOC_WRITE, 0x46, 0x2a, 0x20), 0x7ffd9669a180) = 0
ioctl(3, _IOC(_IOC_READ|_IOC_WRITE, 0x46, 0x2a, 0x20), 0x7ffd96697d00) = 0
ioctl(3, _IOC(_IOC_READ|_IOC_WRITE, 0x46, 0x2a, 0x20), 0x7ffd9669a220) = 0
ioctl(3, _IOC(_IOC_READ|_IOC_WRITE, 0x46, 0x2a, 0x20), 0x7ffd9669a1b0) = 0
ioctl(3, _IOC(_IOC_READ|_IOC_WRITE, 0x46, 0x2b, 0x28), 0x7ffd9669b300) = 0
ioctl(3, _IOC(_IOC_READ|_IOC_WRITE, 0x46, 0x2a, 0x20), 0x7ffd9669a0e0) = 0
openat(AT_FDCWD, "/dev/nvidia0", O_RDWR|O_CLOEXEC) = 8
fcntl(8, F_GETFD)                       = 0x1 (flags FD_CLOEXEC)
ioctl(3, _IOC(_IOC_READ|_IOC_WRITE, 0x46, 0x4e, 0x38), 0x7ffd9669b2b0) = 0
mmap(NULL, 65536, PROT_WRITE, MAP_SHARED, 8, 0) = 0x7f40c53b7000
close(8)                                = 0
ioctl(3, _IOC(_IOC_READ|_IOC_WRITE, 0x46, 0x2a, 0x20), 0x7ffd9669a1f0) = 0
ioctl(3, _IOC(_IOC_READ|_IOC_WRITE, 0x46, 0x2b, 0x28), 0x7ffd9669b2c0) = 0
ioctl(3, _IOC(_IOC_READ|_IOC_WRITE, 0x46, 0x2b, 0x28), 0x7ffd9669b2c0) = 0
ioctl(3, _IOC(_IOC_READ|_IOC_WRITE, 0x46, 0x2a, 0x20), 0x7ffd9669a1d0) = 0
ioctl(3, _IOC(_IOC_READ|_IOC_WRITE, 0x46, 0x2a, 0x20), 0x7ffd9669a130) = 0
ioctl(3, _IOC(_IOC_READ|_IOC_WRITE, 0x46, 0x2a, 0x20), 0x7ffd9669a120) = 0
ioctl(3, _IOC(_IOC_READ|_IOC_WRITE, 0x46, 0x2a, 0x20), 0x7ffd9669a220) = 0
ioctl(3, _IOC(_IOC_READ|_IOC_WRITE, 0x46, 0x2a, 0x20), 0x7ffd9669a160) = 0
mmap(NULL, 100663296, PROT_NONE, MAP_PRIVATE|MAP_ANONYMOUS, -1, 0) = 0x7f40bd4af000
ioctl(3, _IOC(_IOC_READ|_IOC_WRITE, 0x46, 0x2a, 0x20), 0x7ffd9669aef0) = 0
ioctl(3, _IOC(_IOC_READ|_IOC_WRITE, 0x46, 0x2a, 0x20), 0x7ffd9669aef0) = 0
mmap(NULL, 172032, PROT_READ|PROT_WRITE, MAP_PRIVATE|MAP_ANONYMOUS, -1, 0) = 0x7f40bd485000
ioctl(3, _IOC(_IOC_READ|_IOC_WRITE, 0x46, 0x2a, 0x20), 0x7ffd96699640) = 0
mmap(NULL, 659456, PROT_READ|PROT_WRITE, MAP_PRIVATE|MAP_ANONYMOUS, -1, 0) = 0x7f40bd3e4000
mkdir("/home", 0700)                    = -1 EEXIST (File exists)
mkdir("/home/iman", 0700)               = -1 EEXIST (File exists)
mkdir("/home/iman/.nv", 0700)           = -1 EEXIST (File exists)
mkdir("/home/iman/.nv/ComputeCache", 0700) = -1 EEXIST (File exists)
sysinfo({uptime=973401, loads=[53280, 19904, 7104], totalram=134742351872, freeram=67010056192, sharedram=20557824, bufferram=3842428928, totalswap=1073737728, freeswap=1073737728, procs=2161, totalhigh=0, freehigh=0, mem_unit=1}) = 0
uname({sysname="Linux", nodename="0x0verfl0w", ...}) = 0
ioctl(4, _IOC(_IOC_NONE, 0, 0x25, 0), 0x7ffd9669c8f0) = 0
ioctl(4, _IOC(_IOC_NONE, 0, 0x17, 0), 0x7ffd9669c970) = 0
ioctl(3, _IOC(_IOC_READ|_IOC_WRITE, 0x46, 0x4a, 0xb8), 0x7ffd9669c720) = 0
prlimit64(0, RLIMIT_AS, NULL, {rlim_cur=RLIM64_INFINITY, rlim_max=RLIM64_INFINITY}) = 0
mmap(0x200000000, 4297064448, PROT_NONE, MAP_PRIVATE|MAP_ANONYMOUS, -1, 0) = 0x200000000
mmap(NULL, 536866816, PROT_NONE, MAP_PRIVATE|MAP_ANONYMOUS, -1, 0) = 0x7f409d3e5000
munmap(0x7f409d3e5000, 46247936)        = 0
munmap(0x7f40b0000000, 222183424)       = 0
eventfd2(0, EFD_CLOEXEC|EFD_NONBLOCK)   = 8
fcntl(8, F_SETFL, O_RDONLY|O_NONBLOCK)  = 0
mmap(NULL, 8392704, PROT_NONE, MAP_PRIVATE|MAP_ANONYMOUS|MAP_STACK, -1, 0) = 0x7f40bcbe3000
mprotect(0x7f40bcbe4000, 8388608, PROT_READ|PROT_WRITE) = 0
clone(child_stack=0x7f40bd3df8f0, flags=CLONE_VM|CLONE_FS|CLONE_FILES|CLONE_SIGHAND|CLONE_THREAD|CLONE_SYSVSEM|CLONE_SETTLS|CLONE_PARENT_SETTID|CLONE_CHILD_CLEARTID, parent_tid=[791803], tls=0x7f40bd3e3000, child_tidptr=0x7f40bd3e32d0) = 791803
openat(AT_FDCWD, "/proc/self/task/791803/comm", O_RDWR) = 9
write(9, "cuda-EvtHandlr", 14)          = 14
close(9)                                = 0
futex(0x55b95cd1e768, FUTEX_WAKE_PRIVATE, 1) = 1
getpid()                                = 791800
stat("/proc/791800/ns/pid", {st_mode=S_IFREG|0444, st_size=0, ...}) = 0
stat("/proc/791800/ns/pid", {st_mode=S_IFREG|0444, st_size=0, ...}) = 0
socket(AF_UNIX, SOCK_SEQPACKET|SOCK_CLOEXEC, 0) = 9
unlink("")                              = -1 ENOENT (No such file or directory)
bind(9, {sa_family=AF_UNIX, sun_path=@"cuda-uvmfd-4026531836-791800\0"}, 32) = 0
listen(9, 128)                          = 0
write(8, "\1\0\0\0\0\0\0\0", 8)         = 8
getpid()                                = 791800
ioctl(3, _IOC(_IOC_READ|_IOC_WRITE, 0x46, 0x2a, 0x20), 0x7ffd9669baf0) = 0
ioctl(3, _IOC(_IOC_READ|_IOC_WRITE, 0x46, 0x2a, 0x20), 0x7ffd9669bb20) = 0
ioctl(3, _IOC(_IOC_READ|_IOC_WRITE, 0x46, 0x2a, 0x20), 0x7ffd9669ba40) = 0
ioctl(3, _IOC(_IOC_READ|_IOC_WRITE, 0x46, 0x2a, 0x20), 0x7ffd9669bb60) = 0
ioctl(3, _IOC(_IOC_READ|_IOC_WRITE, 0x46, 0x2a, 0x20), 0x7ffd9669b910) = 0
ioctl(3, _IOC(_IOC_READ|_IOC_WRITE, 0x46, 0x2a, 0x20), 0x7ffd9669ba40) = 0
ioctl(3, _IOC(_IOC_READ|_IOC_WRITE, 0x46, 0x2a, 0x20), 0x7ffd9669bab0) = 0
ioctl(3, _IOC(_IOC_READ|_IOC_WRITE, 0x46, 0x2a, 0x20), 0x7ffd9669b980) = 0
ioctl(3, _IOC(_IOC_READ|_IOC_WRITE, 0x46, 0x2a, 0x20), 0x7ffd9669ba40) = 0
ioctl(3, _IOC(_IOC_READ|_IOC_WRITE, 0x46, 0x2a, 0x20), 0x7ffd9669b910) = 0
ioctl(3, _IOC(_IOC_READ|_IOC_WRITE, 0x46, 0x2a, 0x20), 0x7ffd9669ba40) = 0
ioctl(3, _IOC(_IOC_READ|_IOC_WRITE, 0x46, 0x2a, 0x20), 0x7ffd9669bab0) = 0
ioctl(3, _IOC(_IOC_READ|_IOC_WRITE, 0x46, 0x2a, 0x20), 0x7ffd9669b980) = 0
getpid()                                = 791800
getpid()                                = 791800
futex(0x55b95cc5ef48, FUTEX_WAKE_PRIVATE, 2147483647) = 0
futex(0x7f40c4e0ad90, FUTEX_WAKE_PRIVATE, 2147483647) = 0
ioctl(3, _IOC(_IOC_READ|_IOC_WRITE, 0x46, 0x2a, 0x20), 0x7ffd9669ab20) = 0
eventfd2(0, EFD_CLOEXEC|EFD_NONBLOCK)   = 10
fcntl(10, F_SETFL, O_RDONLY|O_NONBLOCK) = 0
mmap(NULL, 8392704, PROT_NONE, MAP_PRIVATE|MAP_ANONYMOUS|MAP_STACK, -1, 0) = 0x7f40bc3e2000
mprotect(0x7f40bc3e3000, 8388608, PROT_READ|PROT_WRITE) = 0
clone(child_stack=0x7f40bcbde8f0, flags=CLONE_VM|CLONE_FS|CLONE_FILES|CLONE_SIGHAND|CLONE_THREAD|CLONE_SYSVSEM|CLONE_SETTLS|CLONE_PARENT_SETTID|CLONE_CHILD_CLEARTID, parent_tid=[791804], tls=0x7f40bcbe2000, child_tidptr=0x7f40bcbe22d0) = 791804
openat(AT_FDCWD, "/proc/self/task/791804/comm", O_RDWR) = 11
write(11, "cuda-EvtHandlr", 14)         = 14
close(11)                               = 0
futex(0x55b95ccee4e8, FUTEX_WAKE_PRIVATE, 1) = 1
ioctl(3, _IOC(_IOC_READ|_IOC_WRITE, 0x46, 0x2a, 0x20), 0x7ffd9669aaf0) = 0
ioctl(4, _IOC(_IOC_NONE, 0, 0x19, 0), 0x7ffd9669bc80) = 0
ioctl(3, _IOC(_IOC_READ|_IOC_WRITE, 0x46, 0x4a, 0xb8), 0x7ffd9669b090) = 0
ioctl(4, _IOC(_IOC_NONE, 0, 0x49, 0), 0x7ffd9669af00) = 0
ioctl(4, _IOC(_IOC_NONE, 0, 0x21, 0), 0x7ffd9669aa70) = 0
ioctl(3, _IOC(_IOC_READ|_IOC_WRITE, 0x46, 0x4a, 0xb8), 0x7ffd9669b0b0) = 0
ioctl(3, _IOC(_IOC_READ|_IOC_WRITE, 0x46, 0x2a, 0x20), 0x7ffd96699f40) = 0
openat(AT_FDCWD, "/dev/nvidiactl", O_RDWR|O_CLOEXEC) = 11
fcntl(11, F_GETFD)                      = 0x1 (flags FD_CLOEXEC)
ioctl(3, _IOC(_IOC_READ|_IOC_WRITE, 0x46, 0x4e, 0x38), 0x7ffd9669b110) = 0
mmap(0x200200000, 2097152, PROT_READ|PROT_WRITE, MAP_SHARED|MAP_FIXED, 11, 0) = 0x200200000
close(11)                               = 0
ioctl(4, _IOC(_IOC_NONE, 0, 0x49, 0), 0x7ffd9669af20) = 0
ioctl(4, _IOC(_IOC_NONE, 0, 0x21, 0), 0x7ffd9669aa90) = 0
mmap(0x10000000000, 67108864, PROT_NONE, MAP_PRIVATE|MAP_ANONYMOUS, -1, 0) = 0x10000000000
ioctl(3, _IOC(_IOC_READ|_IOC_WRITE, 0x46, 0x4a, 0xb8), 0x7ffd9669afc0) = 0
ioctl(4, _IOC(_IOC_NONE, 0, 0x49, 0), 0x7ffd9669ae30) = 0
ioctl(4, _IOC(_IOC_NONE, 0, 0x21, 0), 0x7ffd9669a9a0) = 0
ioctl(3, _IOC(_IOC_READ|_IOC_WRITE, 0x46, 0x4a, 0xb8), 0x7ffd9669afc0) = 0
ioctl(4, _IOC(_IOC_NONE, 0, 0x49, 0), 0x7ffd9669ae30) = 0
ioctl(4, _IOC(_IOC_NONE, 0, 0x21, 0), 0x7ffd9669a9a0) = 0
mmap(NULL, 266240, PROT_READ|PROT_WRITE, MAP_PRIVATE|MAP_ANONYMOUS, -1, 0) = 0x7f40bc3a1000
mmap(NULL, 528384, PROT_READ|PROT_WRITE, MAP_PRIVATE|MAP_ANONYMOUS, -1, 0) = 0x7f40bc320000
mmap(NULL, 528384, PROT_READ|PROT_WRITE, MAP_PRIVATE|MAP_ANONYMOUS, -1, 0) = 0x7f40bc29f000
mmap(NULL, 528384, PROT_READ|PROT_WRITE, MAP_PRIVATE|MAP_ANONYMOUS, -1, 0) = 0x7f40bc21e000
mmap(NULL, 67104768, PROT_NONE, MAP_PRIVATE|MAP_ANONYMOUS, -1, 0) = 0x7f40b4001000
munmap(0x7f40b4001000, 33550336)        = 0
ioctl(3, _IOC(_IOC_READ|_IOC_WRITE, 0x46, 0x4a, 0xb8), 0x7ffd9669b170) = 0
ioctl(4, _IOC(_IOC_NONE, 0, 0x49, 0), 0x7ffd9669afe0) = 0
ioctl(4, _IOC(_IOC_NONE, 0, 0x21, 0), 0x7ffd9669ab50) = 0
brk(0x55b95cdaa000)                     = 0x55b95cdaa000
ioctl(3, _IOC(_IOC_READ|_IOC_WRITE, 0x46, 0x2b, 0x28), 0x7ffd9669b8d0) = 0
ioctl(3, _IOC(_IOC_READ|_IOC_WRITE, 0x46, 0x2b, 0x28), 0x7ffd9669b830) = 0
ioctl(3, _IOC(_IOC_READ|_IOC_WRITE, 0x46, 0x4a, 0xb8), 0x7ffd9669ab30) = 0
ioctl(3, _IOC(_IOC_READ|_IOC_WRITE, 0x46, 0x2a, 0x20), 0x7ffd966999c0) = 0
openat(AT_FDCWD, "/dev/nvidia0", O_RDWR|O_CLOEXEC) = 11
fcntl(11, F_GETFD)                      = 0x1 (flags FD_CLOEXEC)
ioctl(3, _IOC(_IOC_READ|_IOC_WRITE, 0x46, 0x4e, 0x38), 0x7ffd9669ab90) = 0
mmap(0x200400000, 2097152, PROT_READ|PROT_WRITE, MAP_SHARED|MAP_FIXED, 11, 0) = 0x200400000
ioctl(3, _IOC(_IOC_READ|_IOC_WRITE, 0x46, 0x5e, 0x28), 0x7ffd9669ab60) = 0
close(11)                               = 0
ioctl(4, _IOC(_IOC_NONE, 0, 0x49, 0), 0x7ffd9669a9a0) = 0
ioctl(4, _IOC(_IOC_NONE, 0, 0x21, 0), 0x7ffd9669a510) = 0
ioctl(3, _IOC(_IOC_READ|_IOC_WRITE, 0x46, 0x4a, 0xb8), 0x7ffd9669a9b0) = 0
ioctl(3, _IOC(_IOC_READ|_IOC_WRITE, 0x46, 0x2a, 0x20), 0x7ffd96699840) = 0
openat(AT_FDCWD, "/dev/nvidiactl", O_RDWR|O_CLOEXEC) = 11
fcntl(11, F_GETFD)                      = 0x1 (flags FD_CLOEXEC)
ioctl(3, _IOC(_IOC_READ|_IOC_WRITE, 0x46, 0x4e, 0x38), 0x7ffd9669aa10) = 0
mmap(0x200600000, 50331648, PROT_READ|PROT_WRITE, MAP_SHARED|MAP_FIXED, 11, 0) = 0x200600000
close(11)                               = 0
ioctl(4, _IOC(_IOC_NONE, 0, 0x49, 0), 0x7ffd9669a820) = 0
ioctl(4, _IOC(_IOC_NONE, 0, 0x21, 0), 0x7ffd9669a390) = 0
ioctl(3, _IOC(_IOC_READ|_IOC_WRITE, 0x46, 0x4a, 0xb8), 0x7ffd9669ac70) = 0
ioctl(3, _IOC(_IOC_READ|_IOC_WRITE, 0x46, 0x2a, 0x20), 0x7ffd96699b00) = 0
openat(AT_FDCWD, "/dev/nvidiactl", O_RDWR|O_CLOEXEC) = 11
fcntl(11, F_GETFD)                      = 0x1 (flags FD_CLOEXEC)
ioctl(3, _IOC(_IOC_READ|_IOC_WRITE, 0x46, 0x4e, 0x38), 0x7ffd9669acd0) = 0
mmap(NULL, 4096, PROT_READ|PROT_WRITE, MAP_SHARED, 11, 0) = 0x7f40c53f5000
close(11)                               = 0
ioctl(3, _IOC(_IOC_READ|_IOC_WRITE, 0x46, 0x2b, 0x28), 0x7ffd9669b5d0) = 0
ioctl(3, _IOC(_IOC_READ|_IOC_WRITE, 0x46, 0x2a, 0x20), 0x7ffd9669a520) = 0
ioctl(3, _IOC(_IOC_READ|_IOC_WRITE, 0x46, 0x2b, 0x28), 0x7ffd9669b580) = 0
ioctl(3, _IOC(_IOC_READ|_IOC_WRITE, 0x46, 0x2a, 0x20), 0x7ffd9669a470) = 0
ioctl(3, _IOC(_IOC_READ|_IOC_WRITE, 0x46, 0x2b, 0x28), 0x7ffd9669b580) = 0
ioctl(3, _IOC(_IOC_READ|_IOC_WRITE, 0x46, 0x2a, 0x20), 0x7ffd9669a470) = 0
ioctl(3, _IOC(_IOC_READ|_IOC_WRITE, 0x46, 0x2a, 0x20), 0x7ffd9669a4e0) = 0
ioctl(3, _IOC(_IOC_READ|_IOC_WRITE, 0x46, 0x2a, 0x20), 0x7ffd9669a4e0) = 0
ioctl(3, _IOC(_IOC_READ|_IOC_WRITE, 0x46, 0x4a, 0xb8), 0x7ffd9669aeb0) = 0
ioctl(3, _IOC(_IOC_READ|_IOC_WRITE, 0x46, 0x2a, 0x20), 0x7ffd96699d40) = 0
openat(AT_FDCWD, "/dev/nvidiactl", O_RDWR|O_CLOEXEC) = 11
fcntl(11, F_GETFD)                      = 0x1 (flags FD_CLOEXEC)
ioctl(3, _IOC(_IOC_READ|_IOC_WRITE, 0x46, 0x4e, 0x38), 0x7ffd9669af10) = 0
mmap(0x204200000, 2097152, PROT_READ|PROT_WRITE, MAP_SHARED|MAP_FIXED, 11, 0) = 0x204200000
close(11)                               = 0
ioctl(4, _IOC(_IOC_NONE, 0, 0x49, 0), 0x7ffd9669ad20) = 0
ioctl(4, _IOC(_IOC_NONE, 0, 0x21, 0), 0x7ffd9669a890) = 0
brk(0x55b95cdd5000)                     = 0x55b95cdd5000
ioctl(3, _IOC(_IOC_READ|_IOC_WRITE, 0x46, 0x4a, 0xb8), 0x7ffd9669aeb0) = 0
ioctl(3, _IOC(_IOC_READ|_IOC_WRITE, 0x46, 0x2a, 0x20), 0x7ffd96699d40) = 0
openat(AT_FDCWD, "/dev/nvidiactl", O_RDWR|O_CLOEXEC) = 11
fcntl(11, F_GETFD)                      = 0x1 (flags FD_CLOEXEC)
ioctl(3, _IOC(_IOC_READ|_IOC_WRITE, 0x46, 0x4e, 0x38), 0x7ffd9669af10) = 0
mmap(0x204400000, 2097152, PROT_READ|PROT_WRITE, MAP_SHARED|MAP_FIXED, 11, 0) = 0x204400000
close(11)                               = 0
ioctl(4, _IOC(_IOC_NONE, 0, 0x49, 0), 0x7ffd9669ad20) = 0
ioctl(4, _IOC(_IOC_NONE, 0, 0x21, 0), 0x7ffd9669a890) = 0
ioctl(3, _IOC(_IOC_READ|_IOC_WRITE, 0x46, 0x4a, 0xb8), 0x7ffd9669ac70) = 0
ioctl(3, _IOC(_IOC_READ|_IOC_WRITE, 0x46, 0x2a, 0x20), 0x7ffd96699b00) = 0
openat(AT_FDCWD, "/dev/nvidiactl", O_RDWR|O_CLOEXEC) = 11
fcntl(11, F_GETFD)                      = 0x1 (flags FD_CLOEXEC)
ioctl(3, _IOC(_IOC_READ|_IOC_WRITE, 0x46, 0x4e, 0x38), 0x7ffd9669acd0) = 0
mmap(NULL, 4096, PROT_READ|PROT_WRITE, MAP_SHARED, 11, 0) = 0x7f40c53b6000
close(11)                               = 0
ioctl(3, _IOC(_IOC_READ|_IOC_WRITE, 0x46, 0x2b, 0x28), 0x7ffd9669b5d0) = 0
ioctl(3, _IOC(_IOC_READ|_IOC_WRITE, 0x46, 0x2a, 0x20), 0x7ffd9669a520) = 0
ioctl(3, _IOC(_IOC_READ|_IOC_WRITE, 0x46, 0x2b, 0x28), 0x7ffd9669b580) = 0
ioctl(3, _IOC(_IOC_READ|_IOC_WRITE, 0x46, 0x2a, 0x20), 0x7ffd9669a470) = 0
ioctl(3, _IOC(_IOC_READ|_IOC_WRITE, 0x46, 0x2b, 0x28), 0x7ffd9669b580) = 0
ioctl(3, _IOC(_IOC_READ|_IOC_WRITE, 0x46, 0x2a, 0x20), 0x7ffd9669a470) = 0
ioctl(3, _IOC(_IOC_READ|_IOC_WRITE, 0x46, 0x2a, 0x20), 0x7ffd9669a4e0) = 0
ioctl(3, _IOC(_IOC_READ|_IOC_WRITE, 0x46, 0x2a, 0x20), 0x7ffd9669a4e0) = 0
brk(0x55b95cdff000)                     = 0x55b95cdff000
ioctl(3, _IOC(_IOC_READ|_IOC_WRITE, 0x46, 0x4a, 0xb8), 0x7ffd9669ac70) = 0
ioctl(3, _IOC(_IOC_READ|_IOC_WRITE, 0x46, 0x2a, 0x20), 0x7ffd96699b00) = 0
openat(AT_FDCWD, "/dev/nvidiactl", O_RDWR|O_CLOEXEC) = 11
fcntl(11, F_GETFD)                      = 0x1 (flags FD_CLOEXEC)
ioctl(3, _IOC(_IOC_READ|_IOC_WRITE, 0x46, 0x4e, 0x38), 0x7ffd9669acd0) = 0
mmap(NULL, 4096, PROT_READ|PROT_WRITE, MAP_SHARED, 11, 0) = 0x7f40c53b5000
close(11)                               = 0
ioctl(3, _IOC(_IOC_READ|_IOC_WRITE, 0x46, 0x2b, 0x28), 0x7ffd9669b5d0) = 0
ioctl(3, _IOC(_IOC_READ|_IOC_WRITE, 0x46, 0x2a, 0x20), 0x7ffd9669a520) = 0
ioctl(3, _IOC(_IOC_READ|_IOC_WRITE, 0x46, 0x2b, 0x28), 0x7ffd9669b580) = 0
ioctl(3, _IOC(_IOC_READ|_IOC_WRITE, 0x46, 0x2a, 0x20), 0x7ffd9669a470) = 0
ioctl(3, _IOC(_IOC_READ|_IOC_WRITE, 0x46, 0x2b, 0x28), 0x7ffd9669b580) = 0
ioctl(3, _IOC(_IOC_READ|_IOC_WRITE, 0x46, 0x2a, 0x20), 0x7ffd9669a470) = 0
ioctl(3, _IOC(_IOC_READ|_IOC_WRITE, 0x46, 0x2a, 0x20), 0x7ffd9669a4e0) = 0
ioctl(3, _IOC(_IOC_READ|_IOC_WRITE, 0x46, 0x2a, 0x20), 0x7ffd9669a4e0) = 0
ioctl(3, _IOC(_IOC_READ|_IOC_WRITE, 0x46, 0x4a, 0xb8), 0x7ffd9669ac70) = 0
ioctl(3, _IOC(_IOC_READ|_IOC_WRITE, 0x46, 0x2a, 0x20), 0x7ffd96699b00) = 0
openat(AT_FDCWD, "/dev/nvidiactl", O_RDWR|O_CLOEXEC) = 11
fcntl(11, F_GETFD)                      = 0x1 (flags FD_CLOEXEC)
ioctl(3, _IOC(_IOC_READ|_IOC_WRITE, 0x46, 0x4e, 0x38), 0x7ffd9669acd0) = 0
mmap(NULL, 4096, PROT_READ|PROT_WRITE, MAP_SHARED, 11, 0) = 0x7f40c53b4000
close(11)                               = 0
ioctl(3, _IOC(_IOC_READ|_IOC_WRITE, 0x46, 0x2b, 0x28), 0x7ffd9669b5d0) = 0
ioctl(3, _IOC(_IOC_READ|_IOC_WRITE, 0x46, 0x2a, 0x20), 0x7ffd9669a520) = 0
ioctl(3, _IOC(_IOC_READ|_IOC_WRITE, 0x46, 0x2b, 0x28), 0x7ffd9669b580) = 0
ioctl(3, _IOC(_IOC_READ|_IOC_WRITE, 0x46, 0x2a, 0x20), 0x7ffd9669a470) = 0
ioctl(3, _IOC(_IOC_READ|_IOC_WRITE, 0x46, 0x2b, 0x28), 0x7ffd9669b580) = 0
ioctl(3, _IOC(_IOC_READ|_IOC_WRITE, 0x46, 0x2a, 0x20), 0x7ffd9669a470) = 0
ioctl(3, _IOC(_IOC_READ|_IOC_WRITE, 0x46, 0x2a, 0x20), 0x7ffd9669a4e0) = 0
ioctl(3, _IOC(_IOC_READ|_IOC_WRITE, 0x46, 0x2a, 0x20), 0x7ffd9669a4e0) = 0
ioctl(3, _IOC(_IOC_READ|_IOC_WRITE, 0x46, 0x4a, 0xb8), 0x7ffd9669ac70) = 0
ioctl(3, _IOC(_IOC_READ|_IOC_WRITE, 0x46, 0x2a, 0x20), 0x7ffd96699b00) = 0
openat(AT_FDCWD, "/dev/nvidiactl", O_RDWR|O_CLOEXEC) = 11
fcntl(11, F_GETFD)                      = 0x1 (flags FD_CLOEXEC)
ioctl(3, _IOC(_IOC_READ|_IOC_WRITE, 0x46, 0x4e, 0x38), 0x7ffd9669acd0) = 0
mmap(NULL, 4096, PROT_READ|PROT_WRITE, MAP_SHARED, 11, 0) = 0x7f40c53b3000
close(11)                               = 0
ioctl(3, _IOC(_IOC_READ|_IOC_WRITE, 0x46, 0x2b, 0x28), 0x7ffd9669b5d0) = 0
ioctl(3, _IOC(_IOC_READ|_IOC_WRITE, 0x46, 0x2a, 0x20), 0x7ffd9669a520) = 0
ioctl(3, _IOC(_IOC_READ|_IOC_WRITE, 0x46, 0x2b, 0x28), 0x7ffd9669b580) = 0
ioctl(3, _IOC(_IOC_READ|_IOC_WRITE, 0x46, 0x2a, 0x20), 0x7ffd9669a470) = 0
ioctl(3, _IOC(_IOC_READ|_IOC_WRITE, 0x46, 0x2b, 0x28), 0x7ffd9669b580) = 0
ioctl(3, _IOC(_IOC_READ|_IOC_WRITE, 0x46, 0x2a, 0x20), 0x7ffd9669a470) = 0
ioctl(3, _IOC(_IOC_READ|_IOC_WRITE, 0x46, 0x2a, 0x20), 0x7ffd9669a4e0) = 0
ioctl(3, _IOC(_IOC_READ|_IOC_WRITE, 0x46, 0x2a, 0x20), 0x7ffd9669a4e0) = 0
brk(0x55b95ce2d000)                     = 0x55b95ce2d000
ioctl(3, _IOC(_IOC_READ|_IOC_WRITE, 0x46, 0x4a, 0xb8), 0x7ffd9669ac70) = 0
ioctl(3, _IOC(_IOC_READ|_IOC_WRITE, 0x46, 0x2a, 0x20), 0x7ffd96699b00) = 0
openat(AT_FDCWD, "/dev/nvidiactl", O_RDWR|O_CLOEXEC) = 11
fcntl(11, F_GETFD)                      = 0x1 (flags FD_CLOEXEC)
ioctl(3, _IOC(_IOC_READ|_IOC_WRITE, 0x46, 0x4e, 0x38), 0x7ffd9669acd0) = 0
mmap(NULL, 4096, PROT_READ|PROT_WRITE, MAP_SHARED, 11, 0) = 0x7f40c53b2000
close(11)                               = 0
ioctl(3, _IOC(_IOC_READ|_IOC_WRITE, 0x46, 0x2b, 0x28), 0x7ffd9669b5d0) = 0
ioctl(3, _IOC(_IOC_READ|_IOC_WRITE, 0x46, 0x2a, 0x20), 0x7ffd9669a520) = 0
ioctl(3, _IOC(_IOC_READ|_IOC_WRITE, 0x46, 0x2b, 0x28), 0x7ffd9669b580) = 0
ioctl(3, _IOC(_IOC_READ|_IOC_WRITE, 0x46, 0x2a, 0x20), 0x7ffd9669a470) = 0
ioctl(3, _IOC(_IOC_READ|_IOC_WRITE, 0x46, 0x2b, 0x28), 0x7ffd9669b580) = 0
ioctl(3, _IOC(_IOC_READ|_IOC_WRITE, 0x46, 0x2a, 0x20), 0x7ffd9669a470) = 0
ioctl(3, _IOC(_IOC_READ|_IOC_WRITE, 0x46, 0x2a, 0x20), 0x7ffd9669a4e0) = 0
ioctl(3, _IOC(_IOC_READ|_IOC_WRITE, 0x46, 0x2a, 0x20), 0x7ffd9669a4e0) = 0
ioctl(3, _IOC(_IOC_READ|_IOC_WRITE, 0x46, 0x4a, 0xb8), 0x7ffd9669ac70) = 0
ioctl(3, _IOC(_IOC_READ|_IOC_WRITE, 0x46, 0x2a, 0x20), 0x7ffd96699b00) = 0
openat(AT_FDCWD, "/dev/nvidiactl", O_RDWR|O_CLOEXEC) = 11
fcntl(11, F_GETFD)                      = 0x1 (flags FD_CLOEXEC)
ioctl(3, _IOC(_IOC_READ|_IOC_WRITE, 0x46, 0x4e, 0x38), 0x7ffd9669acd0) = 0
mmap(NULL, 4096, PROT_READ|PROT_WRITE, MAP_SHARED, 11, 0) = 0x7f40c53b1000
close(11)                               = 0
ioctl(3, _IOC(_IOC_READ|_IOC_WRITE, 0x46, 0x2b, 0x28), 0x7ffd9669b5d0) = 0
ioctl(3, _IOC(_IOC_READ|_IOC_WRITE, 0x46, 0x2a, 0x20), 0x7ffd9669a520) = 0
ioctl(3, _IOC(_IOC_READ|_IOC_WRITE, 0x46, 0x2b, 0x28), 0x7ffd9669b580) = 0
ioctl(3, _IOC(_IOC_READ|_IOC_WRITE, 0x46, 0x2a, 0x20), 0x7ffd9669a470) = 0
ioctl(3, _IOC(_IOC_READ|_IOC_WRITE, 0x46, 0x2b, 0x28), 0x7ffd9669b580) = 0
ioctl(3, _IOC(_IOC_READ|_IOC_WRITE, 0x46, 0x2a, 0x20), 0x7ffd9669a470) = 0
ioctl(3, _IOC(_IOC_READ|_IOC_WRITE, 0x46, 0x2a, 0x20), 0x7ffd9669a4e0) = 0
ioctl(3, _IOC(_IOC_READ|_IOC_WRITE, 0x46, 0x2a, 0x20), 0x7ffd9669a4e0) = 0
ioctl(3, _IOC(_IOC_READ|_IOC_WRITE, 0x46, 0x4a, 0xb8), 0x7ffd9669ac70) = 0
ioctl(3, _IOC(_IOC_READ|_IOC_WRITE, 0x46, 0x2a, 0x20), 0x7ffd96699b00) = 0
openat(AT_FDCWD, "/dev/nvidiactl", O_RDWR|O_CLOEXEC) = 11
fcntl(11, F_GETFD)                      = 0x1 (flags FD_CLOEXEC)
ioctl(3, _IOC(_IOC_READ|_IOC_WRITE, 0x46, 0x4e, 0x38), 0x7ffd9669acd0) = 0
mmap(NULL, 4096, PROT_READ|PROT_WRITE, MAP_SHARED, 11, 0) = 0x7f40c53b0000
close(11)                               = 0
ioctl(3, _IOC(_IOC_READ|_IOC_WRITE, 0x46, 0x2b, 0x28), 0x7ffd9669b5d0) = 0
ioctl(3, _IOC(_IOC_READ|_IOC_WRITE, 0x46, 0x2a, 0x20), 0x7ffd9669a520) = 0
ioctl(3, _IOC(_IOC_READ|_IOC_WRITE, 0x46, 0x2b, 0x28), 0x7ffd9669b580) = 0
ioctl(3, _IOC(_IOC_READ|_IOC_WRITE, 0x46, 0x2a, 0x20), 0x7ffd9669a470) = 0
ioctl(3, _IOC(_IOC_READ|_IOC_WRITE, 0x46, 0x2b, 0x28), 0x7ffd9669b580) = 0
ioctl(3, _IOC(_IOC_READ|_IOC_WRITE, 0x46, 0x2a, 0x20), 0x7ffd9669a470) = 0
ioctl(3, _IOC(_IOC_READ|_IOC_WRITE, 0x46, 0x2a, 0x20), 0x7ffd9669a4e0) = 0
ioctl(3, _IOC(_IOC_READ|_IOC_WRITE, 0x46, 0x2a, 0x20), 0x7ffd9669a4e0) = 0
ioctl(4, _IOC(_IOC_NONE, 0, 0x1b, 0), 0x7ffd9669ba40) = 0
ioctl(4, _IOC(_IOC_NONE, 0, 0x1b, 0), 0x7ffd9669ba40) = 0
ioctl(4, _IOC(_IOC_NONE, 0, 0x1b, 0), 0x7ffd9669ba40) = 0
ioctl(4, _IOC(_IOC_NONE, 0, 0x1b, 0), 0x7ffd9669ba40) = 0
ioctl(4, _IOC(_IOC_NONE, 0, 0x1b, 0), 0x7ffd9669ba40) = 0
ioctl(4, _IOC(_IOC_NONE, 0, 0x1b, 0), 0x7ffd9669ba40) = 0
ioctl(4, _IOC(_IOC_NONE, 0, 0x1b, 0), 0x7ffd9669ba40) = 0
ioctl(4, _IOC(_IOC_NONE, 0, 0x1b, 0), 0x7ffd9669ba40) = 0
ioctl(3, _IOC(_IOC_READ|_IOC_WRITE, 0x46, 0x2a, 0x20), 0x7ffd9669a930) = 0
openat(AT_FDCWD, "/dev/nvidia0", O_RDWR|O_CLOEXEC) = 11
fcntl(11, F_GETFD)                      = 0x1 (flags FD_CLOEXEC)
ioctl(11, _IOC(_IOC_READ|_IOC_WRITE, 0x46, 0xc9, 0x4), 0x7ffd9669b960) = 0
ioctl(11, _IOC(_IOC_READ|_IOC_WRITE, 0x46, 0xce, 0x10), 0x7ffd9669b960) = 0
ioctl(11, _IOC(_IOC_READ|_IOC_WRITE, 0x46, 0x2b, 0x28), 0x7ffd9669b930) = 0
write(10, "\1\0\0\0\0\0\0\0", 8)        = 8
ioctl(3, _IOC(_IOC_READ|_IOC_WRITE, 0x46, 0x2b, 0x28), 0x7ffd9669b8d0) = 0
brk(0x55b95ce53000)                     = 0x55b95ce53000
ioctl(3, _IOC(_IOC_READ|_IOC_WRITE, 0x46, 0x4a, 0xb8), 0x7ffd9669ac70) = 0
ioctl(3, _IOC(_IOC_READ|_IOC_WRITE, 0x46, 0x2a, 0x20), 0x7ffd96699b00) = 0
openat(AT_FDCWD, "/dev/nvidiactl", O_RDWR|O_CLOEXEC) = 12
fcntl(12, F_GETFD)                      = 0x1 (flags FD_CLOEXEC)
ioctl(3, _IOC(_IOC_READ|_IOC_WRITE, 0x46, 0x4e, 0x38), 0x7ffd9669acd0) = 0
mmap(NULL, 4096, PROT_READ|PROT_WRITE, MAP_SHARED, 12, 0) = 0x7f40c53af000
close(12)                               = 0
ioctl(3, _IOC(_IOC_READ|_IOC_WRITE, 0x46, 0x2b, 0x28), 0x7ffd9669b5d0) = 0
ioctl(3, _IOC(_IOC_READ|_IOC_WRITE, 0x46, 0x2a, 0x20), 0x7ffd9669a520) = 0
ioctl(3, _IOC(_IOC_READ|_IOC_WRITE, 0x46, 0x2b, 0x28), 0x7ffd9669b580) = 0
ioctl(3, _IOC(_IOC_READ|_IOC_WRITE, 0x46, 0x2a, 0x20), 0x7ffd9669a470) = 0
ioctl(3, _IOC(_IOC_READ|_IOC_WRITE, 0x46, 0x2a, 0x20), 0x7ffd9669a4e0) = 0
ioctl(3, _IOC(_IOC_READ|_IOC_WRITE, 0x46, 0x4a, 0xb8), 0x7ffd9669ac70) = 0
ioctl(3, _IOC(_IOC_READ|_IOC_WRITE, 0x46, 0x2a, 0x20), 0x7ffd96699b00) = 0
openat(AT_FDCWD, "/dev/nvidiactl", O_RDWR|O_CLOEXEC) = 12
fcntl(12, F_GETFD)                      = 0x1 (flags FD_CLOEXEC)
ioctl(3, _IOC(_IOC_READ|_IOC_WRITE, 0x46, 0x4e, 0x38), 0x7ffd9669acd0) = 0
mmap(NULL, 4096, PROT_READ|PROT_WRITE, MAP_SHARED, 12, 0) = 0x7f40c53ae000
close(12)                               = 0
ioctl(3, _IOC(_IOC_READ|_IOC_WRITE, 0x46, 0x2b, 0x28), 0x7ffd9669b5d0) = 0
ioctl(3, _IOC(_IOC_READ|_IOC_WRITE, 0x46, 0x2a, 0x20), 0x7ffd9669a520) = 0
ioctl(3, _IOC(_IOC_READ|_IOC_WRITE, 0x46, 0x2b, 0x28), 0x7ffd9669b580) = 0
ioctl(3, _IOC(_IOC_READ|_IOC_WRITE, 0x46, 0x2a, 0x20), 0x7ffd9669a470) = 0
ioctl(3, _IOC(_IOC_READ|_IOC_WRITE, 0x46, 0x2a, 0x20), 0x7ffd9669a4e0) = 0
brk(0x55b95ce80000)                     = 0x55b95ce80000
ioctl(3, _IOC(_IOC_READ|_IOC_WRITE, 0x46, 0x4a, 0xb8), 0x7ffd9669ac70) = 0
ioctl(3, _IOC(_IOC_READ|_IOC_WRITE, 0x46, 0x2a, 0x20), 0x7ffd96699b00) = 0
openat(AT_FDCWD, "/dev/nvidiactl", O_RDWR|O_CLOEXEC) = 12
fcntl(12, F_GETFD)                      = 0x1 (flags FD_CLOEXEC)
ioctl(3, _IOC(_IOC_READ|_IOC_WRITE, 0x46, 0x4e, 0x38), 0x7ffd9669acd0) = 0
mmap(NULL, 4096, PROT_READ|PROT_WRITE, MAP_SHARED, 12, 0) = 0x7f40c53ad000
close(12)                               = 0
ioctl(3, _IOC(_IOC_READ|_IOC_WRITE, 0x46, 0x2b, 0x28), 0x7ffd9669b5d0) = 0
ioctl(3, _IOC(_IOC_READ|_IOC_WRITE, 0x46, 0x2a, 0x20), 0x7ffd9669a520) = 0
ioctl(3, _IOC(_IOC_READ|_IOC_WRITE, 0x46, 0x2b, 0x28), 0x7ffd9669b580) = 0
ioctl(3, _IOC(_IOC_READ|_IOC_WRITE, 0x46, 0x2a, 0x20), 0x7ffd9669a470) = 0
ioctl(3, _IOC(_IOC_READ|_IOC_WRITE, 0x46, 0x2a, 0x20), 0x7ffd9669a4e0) = 0
ioctl(3, _IOC(_IOC_READ|_IOC_WRITE, 0x46, 0x4a, 0xb8), 0x7ffd9669ac70) = 0
ioctl(3, _IOC(_IOC_READ|_IOC_WRITE, 0x46, 0x2a, 0x20), 0x7ffd96699b00) = 0
openat(AT_FDCWD, "/dev/nvidiactl", O_RDWR|O_CLOEXEC) = 12
fcntl(12, F_GETFD)                      = 0x1 (flags FD_CLOEXEC)
ioctl(3, _IOC(_IOC_READ|_IOC_WRITE, 0x46, 0x4e, 0x38), 0x7ffd9669acd0) = 0
mmap(NULL, 4096, PROT_READ|PROT_WRITE, MAP_SHARED, 12, 0) = 0x7f40c53ac000
close(12)                               = 0
ioctl(3, _IOC(_IOC_READ|_IOC_WRITE, 0x46, 0x2b, 0x28), 0x7ffd9669b5d0) = 0
ioctl(3, _IOC(_IOC_READ|_IOC_WRITE, 0x46, 0x2a, 0x20), 0x7ffd9669a520) = 0
ioctl(3, _IOC(_IOC_READ|_IOC_WRITE, 0x46, 0x2b, 0x28), 0x7ffd9669b580) = 0
ioctl(3, _IOC(_IOC_READ|_IOC_WRITE, 0x46, 0x2a, 0x20), 0x7ffd9669a470) = 0
ioctl(3, _IOC(_IOC_READ|_IOC_WRITE, 0x46, 0x2a, 0x20), 0x7ffd9669a4e0) = 0
ioctl(4, _IOC(_IOC_NONE, 0, 0x1b, 0), 0x7ffd9669ba40) = 0
ioctl(4, _IOC(_IOC_NONE, 0, 0x1b, 0), 0x7ffd9669ba40) = 0
ioctl(4, _IOC(_IOC_NONE, 0, 0x1b, 0), 0x7ffd9669ba40) = 0
ioctl(4, _IOC(_IOC_NONE, 0, 0x1b, 0), 0x7ffd9669ba40) = 0
ioctl(3, _IOC(_IOC_READ|_IOC_WRITE, 0x46, 0x2a, 0x20), 0x7ffd9669a930) = 0
openat(AT_FDCWD, "/dev/nvidia0", O_RDWR|O_CLOEXEC) = 12
fcntl(12, F_GETFD)                      = 0x1 (flags FD_CLOEXEC)
ioctl(12, _IOC(_IOC_READ|_IOC_WRITE, 0x46, 0xc9, 0x4), 0x7ffd9669b960) = 0
ioctl(12, _IOC(_IOC_READ|_IOC_WRITE, 0x46, 0xce, 0x10), 0x7ffd9669b960) = 0
ioctl(12, _IOC(_IOC_READ|_IOC_WRITE, 0x46, 0x2b, 0x28), 0x7ffd9669b930) = 0
write(10, "\1\0\0\0\0\0\0\0", 8)        = 8
ioctl(3, _IOC(_IOC_READ|_IOC_WRITE, 0x46, 0x2b, 0x28), 0x7ffd9669b8d0) = 0
brk(0x55b95cea5000)                     = 0x55b95cea5000
ioctl(3, _IOC(_IOC_READ|_IOC_WRITE, 0x46, 0x4a, 0xb8), 0x7ffd9669ac70) = 0
ioctl(3, _IOC(_IOC_READ|_IOC_WRITE, 0x46, 0x2a, 0x20), 0x7ffd96699b00) = 0
openat(AT_FDCWD, "/dev/nvidiactl", O_RDWR|O_CLOEXEC) = 13
fcntl(13, F_GETFD)                      = 0x1 (flags FD_CLOEXEC)
ioctl(3, _IOC(_IOC_READ|_IOC_WRITE, 0x46, 0x4e, 0x38), 0x7ffd9669acd0) = 0
mmap(NULL, 4096, PROT_READ|PROT_WRITE, MAP_SHARED, 13, 0) = 0x7f40c53ab000
close(13)                               = 0
ioctl(3, _IOC(_IOC_READ|_IOC_WRITE, 0x46, 0x2b, 0x28), 0x7ffd9669b5d0) = 0
ioctl(3, _IOC(_IOC_READ|_IOC_WRITE, 0x46, 0x2a, 0x20), 0x7ffd9669a520) = 0
ioctl(3, _IOC(_IOC_READ|_IOC_WRITE, 0x46, 0x2b, 0x28), 0x7ffd9669b580) = 0
ioctl(3, _IOC(_IOC_READ|_IOC_WRITE, 0x46, 0x2a, 0x20), 0x7ffd9669a470) = 0
ioctl(3, _IOC(_IOC_READ|_IOC_WRITE, 0x46, 0x2a, 0x20), 0x7ffd9669a4e0) = 0
ioctl(3, _IOC(_IOC_READ|_IOC_WRITE, 0x46, 0x4a, 0xb8), 0x7ffd9669ac70) = 0
ioctl(3, _IOC(_IOC_READ|_IOC_WRITE, 0x46, 0x2a, 0x20), 0x7ffd96699b00) = 0
openat(AT_FDCWD, "/dev/nvidiactl", O_RDWR|O_CLOEXEC) = 13
fcntl(13, F_GETFD)                      = 0x1 (flags FD_CLOEXEC)
ioctl(3, _IOC(_IOC_READ|_IOC_WRITE, 0x46, 0x4e, 0x38), 0x7ffd9669acd0) = 0
mmap(NULL, 4096, PROT_READ|PROT_WRITE, MAP_SHARED, 13, 0) = 0x7f40c53aa000
close(13)                               = 0
ioctl(3, _IOC(_IOC_READ|_IOC_WRITE, 0x46, 0x2b, 0x28), 0x7ffd9669b5d0) = 0
ioctl(3, _IOC(_IOC_READ|_IOC_WRITE, 0x46, 0x2a, 0x20), 0x7ffd9669a520) = 0
ioctl(3, _IOC(_IOC_READ|_IOC_WRITE, 0x46, 0x2b, 0x28), 0x7ffd9669b580) = 0
ioctl(3, _IOC(_IOC_READ|_IOC_WRITE, 0x46, 0x2a, 0x20), 0x7ffd9669a470) = 0
ioctl(3, _IOC(_IOC_READ|_IOC_WRITE, 0x46, 0x2a, 0x20), 0x7ffd9669a4e0) = 0
ioctl(3, _IOC(_IOC_READ|_IOC_WRITE, 0x46, 0x4a, 0xb8), 0x7ffd9669ac70) = 0
ioctl(3, _IOC(_IOC_READ|_IOC_WRITE, 0x46, 0x2a, 0x20), 0x7ffd96699b00) = 0
openat(AT_FDCWD, "/dev/nvidiactl", O_RDWR|O_CLOEXEC) = 13
fcntl(13, F_GETFD)                      = 0x1 (flags FD_CLOEXEC)
ioctl(3, _IOC(_IOC_READ|_IOC_WRITE, 0x46, 0x4e, 0x38), 0x7ffd9669acd0) = 0
mmap(NULL, 4096, PROT_READ|PROT_WRITE, MAP_SHARED, 13, 0) = 0x7f40c53a9000
close(13)                               = 0
ioctl(3, _IOC(_IOC_READ|_IOC_WRITE, 0x46, 0x2b, 0x28), 0x7ffd9669b5d0) = 0
ioctl(3, _IOC(_IOC_READ|_IOC_WRITE, 0x46, 0x2a, 0x20), 0x7ffd9669a520) = 0
ioctl(3, _IOC(_IOC_READ|_IOC_WRITE, 0x46, 0x2b, 0x28), 0x7ffd9669b580) = 0
ioctl(3, _IOC(_IOC_READ|_IOC_WRITE, 0x46, 0x2a, 0x20), 0x7ffd9669a470) = 0
ioctl(3, _IOC(_IOC_READ|_IOC_WRITE, 0x46, 0x2a, 0x20), 0x7ffd9669a4e0) = 0
brk(0x55b95ced3000)                     = 0x55b95ced3000
ioctl(3, _IOC(_IOC_READ|_IOC_WRITE, 0x46, 0x4a, 0xb8), 0x7ffd9669ac70) = 0
ioctl(3, _IOC(_IOC_READ|_IOC_WRITE, 0x46, 0x2a, 0x20), 0x7ffd96699b00) = 0
openat(AT_FDCWD, "/dev/nvidiactl", O_RDWR|O_CLOEXEC) = 13
fcntl(13, F_GETFD)                      = 0x1 (flags FD_CLOEXEC)
ioctl(3, _IOC(_IOC_READ|_IOC_WRITE, 0x46, 0x4e, 0x38), 0x7ffd9669acd0) = 0
mmap(NULL, 4096, PROT_READ|PROT_WRITE, MAP_SHARED, 13, 0) = 0x7f40c53a8000
close(13)                               = 0
ioctl(3, _IOC(_IOC_READ|_IOC_WRITE, 0x46, 0x2b, 0x28), 0x7ffd9669b5d0) = 0
ioctl(3, _IOC(_IOC_READ|_IOC_WRITE, 0x46, 0x2a, 0x20), 0x7ffd9669a520) = 0
ioctl(3, _IOC(_IOC_READ|_IOC_WRITE, 0x46, 0x2b, 0x28), 0x7ffd9669b580) = 0
ioctl(3, _IOC(_IOC_READ|_IOC_WRITE, 0x46, 0x2a, 0x20), 0x7ffd9669a470) = 0
ioctl(3, _IOC(_IOC_READ|_IOC_WRITE, 0x46, 0x2a, 0x20), 0x7ffd9669a4e0) = 0
ioctl(4, _IOC(_IOC_NONE, 0, 0x1b, 0), 0x7ffd9669ba40) = 0
ioctl(4, _IOC(_IOC_NONE, 0, 0x1b, 0), 0x7ffd9669ba40) = 0
ioctl(4, _IOC(_IOC_NONE, 0, 0x1b, 0), 0x7ffd9669ba40) = 0
ioctl(4, _IOC(_IOC_NONE, 0, 0x1b, 0), 0x7ffd9669ba40) = 0
ioctl(3, _IOC(_IOC_READ|_IOC_WRITE, 0x46, 0x2a, 0x20), 0x7ffd9669a930) = 0
openat(AT_FDCWD, "/dev/nvidia0", O_RDWR|O_CLOEXEC) = 13
fcntl(13, F_GETFD)                      = 0x1 (flags FD_CLOEXEC)
ioctl(13, _IOC(_IOC_READ|_IOC_WRITE, 0x46, 0xc9, 0x4), 0x7ffd9669b960) = 0
ioctl(13, _IOC(_IOC_READ|_IOC_WRITE, 0x46, 0xce, 0x10), 0x7ffd9669b960) = 0
ioctl(13, _IOC(_IOC_READ|_IOC_WRITE, 0x46, 0x2b, 0x28), 0x7ffd9669b930) = 0
write(10, "\1\0\0\0\0\0\0\0", 8)        = 8
eventfd2(0, EFD_CLOEXEC|EFD_NONBLOCK)   = 14
fcntl(14, F_SETFL, O_RDONLY|O_NONBLOCK) = 0
write(10, "\1\0\0\0\0\0\0\0", 8)        = 8
ioctl(3, _IOC(_IOC_READ|_IOC_WRITE, 0x46, 0x2a, 0x20), 0x7ffd9669ab20) = 0
mmap(NULL, 8392704, PROT_NONE, MAP_PRIVATE|MAP_ANONYMOUS|MAP_STACK, -1, 0) = 0x7f40b57ff000
mprotect(0x7f40b5800000, 8388608, PROT_READ|PROT_WRITE) = 0
clone(child_stack=0x7f40b5ffb8f0, flags=CLONE_VM|CLONE_FS|CLONE_FILES|CLONE_SIGHAND|CLONE_THREAD|CLONE_SYSVSEM|CLONE_SETTLS|CLONE_PARENT_SETTID|CLONE_CHILD_CLEARTID, parent_tid=[791805], tls=0x7f40b5fff000, child_tidptr=0x7f40b5fff2d0) = 791805
ioctl(3, _IOC(_IOC_READ|_IOC_WRITE, 0x46, 0x4a, 0xb8), 0x7ffd9669afa0) = 0
ioctl(4, _IOC(_IOC_NONE, 0, 0x49, 0), 0x7ffd9669ae10) = 0
ioctl(4, _IOC(_IOC_NONE, 0, 0x21, 0), 0x7ffd9669a980) = 0
ioctl(4, _IOC(_IOC_NONE, 0, 0x44, 0), 0x7ffd9669abb0) = 0
mmap(0x204600000, 2097152, PROT_READ|PROT_WRITE, MAP_SHARED|MAP_FIXED, 4, 0x204600000) = 0x204600000
ioctl(4, _IOC(_IOC_NONE, 0, 0x48, 0), 0x7ffd9669aad0) = 0
ioctl(3, _IOC(_IOC_READ|_IOC_WRITE, 0x46, 0x4a, 0xb8), 0x7ffd9669b010) = 0
ioctl(3, _IOC(_IOC_READ|_IOC_WRITE, 0x46, 0x2a, 0x20), 0x7ffd96699ea0) = 0
openat(AT_FDCWD, "/dev/nvidiactl", O_RDWR|O_CLOEXEC) = 15
fcntl(15, F_GETFD)                      = 0x1 (flags FD_CLOEXEC)
ioctl(3, _IOC(_IOC_READ|_IOC_WRITE, 0x46, 0x4e, 0x38), 0x7ffd9669b070) = 0
mmap(0x204800000, 2097152, PROT_READ|PROT_WRITE, MAP_SHARED|MAP_FIXED, 15, 0) = 0x204800000
close(15)                               = 0
ioctl(4, _IOC(_IOC_NONE, 0, 0x49, 0), 0x7ffd9669ae80) = 0
ioctl(4, _IOC(_IOC_NONE, 0, 0x21, 0), 0x7ffd9669a9f0) = 0
brk(0x55b95cefa000)                     = 0x55b95cefa000
ioctl(4, _IOC(_IOC_NONE, 0, 0x17, 0), 0x7ffd9669bbd0) = 0
ioctl(4, _IOC(_IOC_NONE, 0, 0x17, 0), 0x7ffd9669bbd0) = 0
ioctl(4, _IOC(_IOC_NONE, 0, 0x17, 0), 0x7ffd9669bbd0) = 0
ioctl(4, _IOC(_IOC_NONE, 0, 0x17, 0), 0x7ffd9669bbd0) = 0
ioctl(4, _IOC(_IOC_NONE, 0, 0x17, 0), 0x7ffd9669bbd0) = 0
ioctl(4, _IOC(_IOC_NONE, 0, 0x17, 0), 0x7ffd9669bbd0) = 0
ioctl(4, _IOC(_IOC_NONE, 0, 0x17, 0), 0x7ffd9669bbd0) = 0
ioctl(3, _IOC(_IOC_READ|_IOC_WRITE, 0x46, 0x4a, 0xb8), 0x7ffd9669b010) = 0
ioctl(3, _IOC(_IOC_READ|_IOC_WRITE, 0x46, 0x2a, 0x20), 0x7ffd96699ea0) = 0
openat(AT_FDCWD, "/dev/nvidiactl", O_RDWR|O_CLOEXEC) = 15
fcntl(15, F_GETFD)                      = 0x1 (flags FD_CLOEXEC)
ioctl(3, _IOC(_IOC_READ|_IOC_WRITE, 0x46, 0x4e, 0x38), 0x7ffd9669b070) = 0
mmap(0x7f40b6400000, 2097152, PROT_READ|PROT_WRITE, MAP_SHARED|MAP_FIXED, 15, 0) = 0x7f40b6400000
close(15)                               = 0
ioctl(4, _IOC(_IOC_NONE, 0, 0x49, 0), 0x7ffd9669ae80) = 0
ioctl(4, _IOC(_IOC_NONE, 0, 0x21, 0), 0x7ffd9669a9f0) = 0
mmap(0x7f40b6600000, 2097152, PROT_READ|PROT_WRITE, MAP_SHARED|MAP_FIXED|MAP_ANONYMOUS, -1, 0) = 0x7f40b6600000
ioctl(6, _IOC(_IOC_READ|_IOC_WRITE, 0x46, 0x27, 0x38), 0x7ffd9669afd0) = 0
ioctl(4, _IOC(_IOC_NONE, 0, 0x49, 0), 0x7ffd9669ae80) = 0
ioctl(4, _IOC(_IOC_NONE, 0, 0x21, 0), 0x7ffd9669a9f0) = 0
mmap(NULL, 192512, PROT_READ|PROT_WRITE, MAP_PRIVATE|MAP_ANONYMOUS, -1, 0) = 0x7f40bc1ef000
ioctl(3, _IOC(_IOC_READ|_IOC_WRITE, 0x46, 0x4a, 0xb8), 0x7ffd9669b110) = 0
ioctl(4, _IOC(_IOC_NONE, 0, 0x49, 0), 0x7ffd9669af80) = 0
ioctl(4, _IOC(_IOC_NONE, 0, 0x21, 0), 0x7ffd9669aaf0) = 0
ioctl(3, _IOC(_IOC_READ|_IOC_WRITE, 0x46, 0x4a, 0xb8), 0x7ffd9669af30) = 0
ioctl(3, _IOC(_IOC_READ|_IOC_WRITE, 0x46, 0x2a, 0x20), 0x7ffd96699dc0) = 0
openat(AT_FDCWD, "/dev/nvidiactl", O_RDWR|O_CLOEXEC) = 15
fcntl(15, F_GETFD)                      = 0x1 (flags FD_CLOEXEC)
ioctl(3, _IOC(_IOC_READ|_IOC_WRITE, 0x46, 0x4e, 0x38), 0x7ffd9669af90) = 0
mmap(0x204c00000, 2097152, PROT_READ|PROT_WRITE, MAP_SHARED|MAP_FIXED, 15, 0) = 0x204c00000
close(15)                               = 0
ioctl(4, _IOC(_IOC_NONE, 0, 0x49, 0), 0x7ffd9669ada0) = 0
ioctl(4, _IOC(_IOC_NONE, 0, 0x21, 0), 0x7ffd9669a910) = 0
brk(0x55b95cf1b000)                     = 0x55b95cf1b000
mmap(0x7f40b6800000, 2097152, PROT_READ|PROT_WRITE, MAP_SHARED|MAP_FIXED|MAP_ANONYMOUS, -1, 0) = 0x7f40b6800000
ioctl(6, _IOC(_IOC_READ|_IOC_WRITE, 0x46, 0x27, 0x38), 0x7ffd9669afc0) = 0
ioctl(4, _IOC(_IOC_NONE, 0, 0x49, 0), 0x7ffd9669ae70) = 0
ioctl(4, _IOC(_IOC_NONE, 0, 0x21, 0), 0x7ffd9669a9e0) = 0
ioctl(3, _IOC(_IOC_READ|_IOC_WRITE, 0x46, 0x4a, 0xb8), 0x7ffd9669b000) = 0
ioctl(4, _IOC(_IOC_NONE, 0, 0x49, 0), 0x7ffd9669ae70) = 0
ioctl(4, _IOC(_IOC_NONE, 0, 0x21, 0), 0x7ffd9669a9e0) = 0
ioctl(4, _IOC(_IOC_NONE, 0, 0x41, 0), 0x7ffd9669b2c0) = 0
mmap(NULL, 2097152, PROT_READ|PROT_WRITE, MAP_SHARED|MAP_ANONYMOUS, -1, 0) = 0x7f40b55ff000
ioctl(6, _IOC(_IOC_READ|_IOC_WRITE, 0x46, 0x27, 0x38), 0x7ffd9669b080) = 0
ioctl(4, _IOC(_IOC_NONE, 0, 0x49, 0), 0x7ffd9669af30) = 0
ioctl(4, _IOC(_IOC_NONE, 0, 0x21, 0), 0x7ffd9669aaa0) = 0
ioctl(3, _IOC(_IOC_READ|_IOC_WRITE, 0x46, 0x4a, 0xb8), 0x7ffd9669a930) = 0
ioctl(4, _IOC(_IOC_NONE, 0, 0x49, 0), 0x7ffd9669a7a0) = 0
ioctl(4, _IOC(_IOC_NONE, 0, 0x21, 0), 0x7ffd9669a310) = 0
ioctl(3, _IOC(_IOC_READ|_IOC_WRITE, 0x46, 0x2b, 0x28), 0x7ffd9669bc70) = 0
ioctl(3, _IOC(_IOC_READ|_IOC_WRITE, 0x46, 0x4a, 0xb8), 0x7ffd9669b0d0) = 0
ioctl(3, _IOC(_IOC_READ|_IOC_WRITE, 0x46, 0x2a, 0x20), 0x7ffd96699f60) = 0
openat(AT_FDCWD, "/dev/nvidiactl", O_RDWR|O_CLOEXEC) = 15
fcntl(15, F_GETFD)                      = 0x1 (flags FD_CLOEXEC)
ioctl(3, _IOC(_IOC_READ|_IOC_WRITE, 0x46, 0x4e, 0x38), 0x7ffd9669b130) = 0
mmap(0x7f40b7000000, 2097152, PROT_READ|PROT_WRITE, MAP_SHARED|MAP_FIXED, 15, 0) = 0x7f40b7000000
close(15)                               = 0
ioctl(4, _IOC(_IOC_NONE, 0, 0x49, 0), 0x7ffd9669af40) = 0
ioctl(4, _IOC(_IOC_NONE, 0, 0x21, 0), 0x7ffd9669aab0) = 0
mmap(NULL, 1118208, PROT_READ|PROT_WRITE, MAP_PRIVATE|MAP_ANONYMOUS, -1, 0) = 0x7f40bc0de000
brk(0x55b95cf3c000)                     = 0x55b95cf3c000
brk(0x55b95cf5d000)                     = 0x55b95cf5d000
brk(0x55b95cf7e000)                     = 0x55b95cf7e000
brk(0x55b95cfa4000)                     = 0x55b95cfa4000
brk(0x55b95cfc5000)                     = 0x55b95cfc5000
brk(0x55b95cfe6000)                     = 0x55b95cfe6000
brk(0x55b95d007000)                     = 0x55b95d007000
brk(0x55b95d028000)                     = 0x55b95d028000
brk(0x55b95d04d000)                     = 0x55b95d04d000
brk(0x55b95d06e000)                     = 0x55b95d06e000
mmap(NULL, 2101248, PROT_READ|PROT_WRITE, MAP_PRIVATE|MAP_ANONYMOUS, -1, 0) = 0x7f40b53fe000
munmap(0x7f40b53fe000, 2101248)         = 0
brk(0x55b95d09f000)                     = 0x55b95d09f000
brk(0x55b95d0c0000)                     = 0x55b95d0c0000
brk(0x55b95d2d3000)                     = 0x55b95d2d3000
mmap(0x7f40b7200000, 2097152, PROT_READ|PROT_WRITE, MAP_SHARED|MAP_FIXED|MAP_ANONYMOUS, -1, 0) = 0x7f40b7200000
ioctl(6, _IOC(_IOC_READ|_IOC_WRITE, 0x46, 0x27, 0x38), 0x7ffd9669b080) = 0
ioctl(4, _IOC(_IOC_NONE, 0, 0x49, 0), 0x7ffd9669af30) = 0
ioctl(4, _IOC(_IOC_NONE, 0, 0x21, 0), 0x7ffd9669aaa0) = 0
ioctl(3, _IOC(_IOC_READ|_IOC_WRITE, 0x46, 0x4a, 0xb8), 0x7ffd9669b080) = 0
ioctl(3, _IOC(_IOC_READ|_IOC_WRITE, 0x46, 0x2a, 0x20), 0x7ffd96699f10) = 0
openat(AT_FDCWD, "/dev/nvidiactl", O_RDWR|O_CLOEXEC) = 15
fcntl(15, F_GETFD)                      = 0x1 (flags FD_CLOEXEC)
ioctl(3, _IOC(_IOC_READ|_IOC_WRITE, 0x46, 0x4e, 0x38), 0x7ffd9669b0e0) = 0
mmap(0x7f40b7400000, 3354624, PROT_READ|PROT_WRITE, MAP_SHARED|MAP_FIXED, 15, 0) = 0x7f40b7400000
close(15)                               = 0
ioctl(4, _IOC(_IOC_NONE, 0, 0x49, 0), 0x7ffd9669aef0) = 0
ioctl(4, _IOC(_IOC_NONE, 0, 0x21, 0), 0x7ffd9669aa60) = 0
mmap(NULL, 3354624, PROT_READ|PROT_WRITE, MAP_PRIVATE|MAP_ANONYMOUS, -1, 0) = 0x7f40b52cc000
write(14, "\1\0\0\0\0\0\0\0", 8)        = 8
munmap(0x7f40b52cc000, 3354624)         = 0
mmap(NULL, 67104768, PROT_NONE, MAP_PRIVATE|MAP_ANONYMOUS, -1, 0) = 0x7f409c001000
munmap(0x7f409c001000, 33550336)        = 0
ioctl(3, _IOC(_IOC_READ|_IOC_WRITE, 0x46, 0x4a, 0xb8), 0x7ffd9669b0a0) = 0
ioctl(4, _IOC(_IOC_NONE, 0, 0x49, 0), 0x7ffd9669af10) = 0
ioctl(4, _IOC(_IOC_NONE, 0, 0x21, 0), 0x7ffd9669aa80) = 0
mmap(NULL, 18157568, PROT_READ|PROT_WRITE, MAP_PRIVATE|MAP_ANONYMOUS, -1, 0) = 0x7f40b44ae000
munmap(0x7f40b44ae000, 18157568)        = 0
ioctl(3, _IOC(_IOC_READ|_IOC_WRITE, 0x46, 0x4a, 0xb8), 0x7ffd9669b0a0) = 0
ioctl(4, _IOC(_IOC_NONE, 0, 0x49, 0), 0x7ffd9669af10) = 0
ioctl(4, _IOC(_IOC_NONE, 0, 0x21, 0), 0x7ffd9669aa80) = 0
brk(0x55b95d32a000)                     = 0x55b95d32a000
brk(0x55b95d34f000)                     = 0x55b95d34f000
openat(AT_FDCWD, "/dev/nvidia0", O_RDWR|O_CLOEXEC) = 15
fcntl(15, F_GETFD)                      = 0x1 (flags FD_CLOEXEC)
ioctl(15, _IOC(_IOC_READ|_IOC_WRITE, 0x46, 0xc9, 0x4), 0x7ffd9669bb30) = 0
ioctl(15, _IOC(_IOC_READ|_IOC_WRITE, 0x46, 0xce, 0x10), 0x7ffd9669bb30) = 0
ioctl(15, _IOC(_IOC_READ|_IOC_WRITE, 0x46, 0x2b, 0x28), 0x7ffd9669bb00) = 0
write(10, "\1\0\0\0\0\0\0\0", 8)        = 8
openat(AT_FDCWD, "/dev/nvidia0", O_RDWR|O_CLOEXEC) = 16
fcntl(16, F_GETFD)                      = 0x1 (flags FD_CLOEXEC)
ioctl(16, _IOC(_IOC_READ|_IOC_WRITE, 0x46, 0xc9, 0x4), 0x7ffd9669bb30) = 0
ioctl(16, _IOC(_IOC_READ|_IOC_WRITE, 0x46, 0xce, 0x10), 0x7ffd9669bb30) = 0
ioctl(16, _IOC(_IOC_READ|_IOC_WRITE, 0x46, 0x2b, 0x28), 0x7ffd9669bb00) = 0
write(10, "\1\0\0\0\0\0\0\0", 8)        = 8
openat(AT_FDCWD, "/dev/nvidia0", O_RDWR|O_CLOEXEC) = 17
fcntl(17, F_GETFD)                      = 0x1 (flags FD_CLOEXEC)
ioctl(17, _IOC(_IOC_READ|_IOC_WRITE, 0x46, 0xc9, 0x4), 0x7ffd9669bb30) = 0
ioctl(17, _IOC(_IOC_READ|_IOC_WRITE, 0x46, 0xce, 0x10), 0x7ffd9669bb30) = 0
ioctl(17, _IOC(_IOC_READ|_IOC_WRITE, 0x46, 0x2b, 0x28), 0x7ffd9669bb00) = 0
write(10, "\1\0\0\0\0\0\0\0", 8)        = 8
openat(AT_FDCWD, "/dev/nvidia0", O_RDWR|O_CLOEXEC) = 18
fcntl(18, F_GETFD)                      = 0x1 (flags FD_CLOEXEC)
ioctl(18, _IOC(_IOC_READ|_IOC_WRITE, 0x46, 0xc9, 0x4), 0x7ffd9669bb30) = 0
ioctl(18, _IOC(_IOC_READ|_IOC_WRITE, 0x46, 0xce, 0x10), 0x7ffd9669bb30) = 0
ioctl(18, _IOC(_IOC_READ|_IOC_WRITE, 0x46, 0x2b, 0x28), 0x7ffd9669bb00) = 0
write(10, "\1\0\0\0\0\0\0\0", 8)        = 8
ioctl(3, _IOC(_IOC_READ|_IOC_WRITE, 0x46, 0x2a, 0x20), 0x7ffd9669a9c0) = 0
ioctl(3, _IOC(_IOC_READ|_IOC_WRITE, 0x46, 0x2a, 0x20), 0x7ffd9669aaf0) = 0
ioctl(3, _IOC(_IOC_READ|_IOC_WRITE, 0x46, 0x2a, 0x20), 0x7ffd9669aae0) = 0
mmap(NULL, 134213632, PROT_NONE, MAP_PRIVATE|MAP_ANONYMOUS, -1, 0) = 0x7f4096001000
munmap(0x7f4096001000, 33550336)        = 0
ioctl(3, _IOC(_IOC_READ|_IOC_WRITE, 0x46, 0x4a, 0xb8), 0x7ffd9669b080) = 0
ioctl(4, _IOC(_IOC_NONE, 0, 0x49, 0), 0x7ffd9669aef0) = 0
ioctl(4, _IOC(_IOC_NONE, 0, 0x21, 0), 0x7ffd9669aa60) = 0
brk(0x55b95d3c0000)                     = 0x55b95d3c0000
brk(0x55b95d3ed000)                     = 0x55b95d3ed000
brk(0x55b95d412000)                     = 0x55b95d412000
ioctl(3, _IOC(_IOC_READ|_IOC_WRITE, 0x46, 0x2a, 0x20), 0x7ffd9669ab60) = 0
pipe2([24, 26], O_CLOEXEC)              = 0
fcntl(24, F_SETFL, O_RDONLY|O_NONBLOCK) = 0
fcntl(26, F_SETFL, O_RDONLY|O_NONBLOCK) = 0
write(10, "\1\0\0\0\0\0\0\0", 8)        = 8
ioctl(3, _IOC(_IOC_READ|_IOC_WRITE, 0x46, 0x4a, 0xb8), 0x7ffd9669baa0) = 0
ioctl(4, _IOC(_IOC_NONE, 0, 0x49, 0), 0x7ffd9669b910) = 0
ioctl(4, _IOC(_IOC_NONE, 0, 0x21, 0), 0x7ffd9669b480) = 0
brk(0x55b95d455000)                     = 0x55b95d455000
ioctl(4, _IOC(_IOC_NONE, 0, 0x22, 0), 0x7ffd9669beb0) = 0
ioctl(3, _IOC(_IOC_READ|_IOC_WRITE, 0x46, 0x29, 0x10), 0x7ffd9669bfa0) = 0
mmap(NULL, 167768064, PROT_NONE, MAP_PRIVATE|MAP_ANONYMOUS, -1, 0) = 0x7f408e001000
munmap(0x7f408e001000, 33550336)        = 0
ioctl(3, _IOC(_IOC_READ|_IOC_WRITE, 0x46, 0x4a, 0xb8), 0x7ffd9669b940) = 0
ioctl(4, _IOC(_IOC_NONE, 0, 0x49, 0), 0x7ffd9669b7b0) = 0
ioctl(4, _IOC(_IOC_NONE, 0, 0x21, 0), 0x7ffd9669b320) = 0
mmap(0x7f4096800000, 2097152, PROT_READ|PROT_WRITE, MAP_SHARED|MAP_FIXED|MAP_ANONYMOUS, -1, 0) = 0x7f4096800000
ioctl(6, _IOC(_IOC_READ|_IOC_WRITE, 0x46, 0x27, 0x38), 0x7ffd9669b860) = 0
ioctl(4, _IOC(_IOC_NONE, 0, 0x49, 0), 0x7ffd9669b710) = 0
ioctl(4, _IOC(_IOC_NONE, 0, 0x21, 0), 0x7ffd9669b280) = 0
write(10, "\1\0\0\0\0\0\0\0", 8)        = 8
write(1, "[SEG] contentsize: 2132, vsize: "..., 56) = 56
write(1, "\t[.cuda_global] \n", 17)     = 17
write(1, "last addr: 0x3e34\n", 18)     = 18
write(1, "\n-------------------------------"..., 737) = 737
write(1, "\n", 1)                       = 1
write(1, "|np: 64|nq: 2| f: ./ta/bin/hello"..., 34) = 34
write(1, "V:134217728\n", 12)           = 12
futex(0x7f40c4dc68f0, FUTEX_WAKE_PRIVATE, 2147483647) = 0
mmap(NULL, 8623484928, PROT_NONE, MAP_PRIVATE|MAP_ANONYMOUS, -1, 0) = 0x7f3e8e001000
munmap(0x7f3e8e001000, 33550336)        = 0
mmap(0x7f3e90000000, 8589934592, PROT_READ|PROT_WRITE, MAP_SHARED|MAP_FIXED, 4, 0x7f3e90000000) = 0x7f3e90000000
ioctl(4, _IOC(_IOC_NONE, 0, 0x48, 0), 0x7ffd9669be60) = 0
ioctl(4, _IOC(_IOC_NONE, 0, 0x2d, 0), 0x7ffd9669bf90) = 0
ioctl(4, _IOC(_IOC_NONE, 0, 0x17, 0), 0x7ffd9669cec0) = 0
mmap(NULL, 8392704, PROT_NONE, MAP_PRIVATE|MAP_ANONYMOUS|MAP_STACK, -1, 0) = 0x7f40b4dfe000
mprotect(0x7f40b4dff000, 8388608, PROT_READ|PROT_WRITE) = 0
clone(child_stack=0x7f40b55fa8f0, flags=CLONE_VM|CLONE_FS|CLONE_FILES|CLONE_SIGHAND|CLONE_THREAD|CLONE_SYSVSEM|CLONE_SETTLS|CLONE_PARENT_SETTID|CLONE_CHILD_CLEARTID, parent_tid=[791806], tls=0x7f40b55fe000, child_tidptr=0x7f40b55fe2d0) = 791806
ioctl(4, _IOC(_IOC_NONE, 0, 0x17, 0), 0x7ffd9669cec0) = 0
mmap(NULL, 8392704, PROT_NONE, MAP_PRIVATE|MAP_ANONYMOUS|MAP_STACK, -1, 0) = 0x7f40b45fd000
mprotect(0x7f40b45fe000, 8388608, PROT_READ|PROT_WRITE) = 0
clone(child_stack=0x7f40b4df98f0, flags=CLONE_VM|CLONE_FS|CLONE_FILES|CLONE_SIGHAND|CLONE_THREAD|CLONE_SYSVSEM|CLONE_SETTLS|CLONE_PARENT_SETTID|CLONE_CHILD_CLEARTID, parent_tid=[791807], tls=0x7f40b4dfd000, child_tidptr=0x7f40b4dfd2d0) = 791807
futex(0x7f40b55fe2d0, FUTEX_WAIT, 791806, NULL) = 0
write(1, "dt: 0.064000 Kexecs in 964.16800"..., 57) = 57
write(75, "Hello!\n", 7)                = 7
write(73, "Hello!\n", 7)                = 7
write(71, "Hello!\n", 7)                = 7
write(69, "Hello!\n", 7)                = 7
write(66, "Hello!\n", 7)                = 7
write(64, "Hello!\n", 7)                = 7
write(62, "Hello!\n", 7)                = 7
write(60, "Hello!\n", 7)                = 7
write(58, "Hello!\n", 7)                = 7
write(56, "Hello!\n", 7)                = 7
write(54, "Hello!\n", 7)                = 7
write(52, "Hello!\n", 7)                = 7
write(50, "Hello!\n", 7)                = 7
write(47, "Hello!\n", 7)                = 7
write(46, "Hello!\n", 7)                = 7
write(44, "Hello!\n", 7)                = 7
write(43, "Hello!\n", 7)                = 7
write(41, "Hello!\n", 7)                = 7
write(40, "Hello!\n", 7)                = 7
write(39, "Hello!\n", 7)                = 7
write(38, "Hello!\n", 7)                = 7
write(37, "Hello!\n", 7)                = 7
write(36, "Hello!\n", 7)                = 7
write(35, "Hello!\n", 7)                = 7
write(34, "Hello!\n", 7)                = 7
write(33, "Hello!\n", 7)                = 7
write(32, "Hello!\n", 7)                = 7
write(31, "Hello!\n", 7)                = 7
write(30, "Hello!\n", 7)                = 7
write(29, "Hello!\n", 7)                = 7
write(28, "Hello!\n", 7)                = 7
write(27, "Hello!\n", 7)                = 7
exit_group(0)                           = ?
+++ exited with 0 +++
